<?xml version="1.0" encoding="UTF-8"?>
<!-- Generated by org.testng.reporters.JUnitXMLReporter -->
<testsuite ignored="0" hostname="DESKTOP-NQ83CF5" failures="0" tests="11" name="Default test" time="89.089" errors="0" timestamp="2024-05-23T13:19:43 IST">
  <testcase classname="tests.SampletestTest" name="toEnterDetails" time="1.403"/>
  <testcase classname="tests.SampletestTest" name="toVerifyAlert" time="0.455"/>
  <testcase classname="tests.SampletestTest" name="toVerifyAll" time="6.998"/>
  <testcase classname="tests.SampletestTest" name="toVerifyAutomationCheckbox" time="0.742"/>
  <testcase classname="tests.SampletestTest" name="toVerifyComment" time="0.835"/>
  <testcase classname="tests.SampletestTest" name="toVerifyEducation" time="0.326"/>
  <testcase classname="tests.SampletestTest" name="toVerifyExperienceDropdown" time="0.614"/>
  <testcase classname="tests.SampletestTest" name="toVerifyFunctionalCheckbox" time="0.535"/>
  <testcase classname="tests.SampletestTest" name="toVerifyManualCheckbox" time="0.407"/>
  <testcase classname="tests.SampletestTest" name="toVerifyUploadButton" time="5.29"/>
  <testcase classname="tests.SampletestTest" name="toVerifymultipleCheckboxA1" time="1.014"/>
</testsuite> <!-- Default test -->
