<?xml version="1.0" encoding="UTF-8"?>
<!-- Generated by org.testng.reporters.JUnitXMLReporter -->
<testsuite ignored="0" hostname="DESKTOP-NQ83CF5" failures="0" tests="4" name="DragAndDrop" time="23.938" errors="0" timestamp="2024-05-23T18:55:22 IST">
  <testcase classname="tests.DragAndDropTest" name="testForSecondtoDragAndDrop" time="0.586"/>
  <testcase classname="tests.DragAndDropTest" name="testForThirdtoDragAndDrop" time="0.563"/>
  <testcase classname="tests.DragAndDropTest" name="testForfirsttoDragAndDrop" time="0.523"/>
  <testcase classname="tests.DragAndDropTest" name="testForforthtoDragAndDrop" time="0.539"/>
</testsuite> <!-- DragAndDrop -->
