<?xml version="1.0" encoding="UTF-8"?>
<!-- Generated by org.testng.reporters.JUnitXMLReporter -->
<testsuite ignored="0" hostname="DESKTOP-NQ83CF5" failures="0" tests="4" name="DragAndDrop" time="31.698" errors="0" timestamp="2024-05-23T17:02:05 IST">
  <testcase classname="tests.DragAndDropTest" name="testForSecondtoDragAndDrop" time="0.504"/>
  <testcase classname="tests.DragAndDropTest" name="testForThirdtoDragAndDrop" time="1.776"/>
  <testcase classname="tests.DragAndDropTest" name="testForfirsttoDragAndDrop" time="0.576"/>
  <testcase classname="tests.DragAndDropTest" name="testForforthtoDragAndDrop" time="0.506"/>
</testsuite> <!-- DragAndDrop -->
