<?xml version="1.0" encoding="UTF-8"?>
<!-- Generated by org.testng.reporters.JUnitXMLReporter -->
<testsuite ignored="0" hostname="DESKTOP-NQ83CF5" failures="0" tests="11" name="SampleTest" time="61.229" errors="0" timestamp="2024-05-23T14:01:49 IST">
  <testcase classname="tests.SampletestTest" name="toEnterDetails" time="0.426"/>
  <testcase classname="tests.SampletestTest" name="toVerifyAlert" time="0.146"/>
  <testcase classname="tests.SampletestTest" name="toVerifyAll" time="6.306"/>
  <testcase classname="tests.SampletestTest" name="toVerifyAutomationCheckbox" time="0.111"/>
  <testcase classname="tests.SampletestTest" name="toVerifyComment" time="0.355"/>
  <testcase classname="tests.SampletestTest" name="toVerifyEducation" time="0.105"/>
  <testcase classname="tests.SampletestTest" name="toVerifyExperienceDropdown" time="0.396"/>
  <testcase classname="tests.SampletestTest" name="toVerifyFunctionalCheckbox" time="0.118"/>
  <testcase classname="tests.SampletestTest" name="toVerifyManualCheckbox" time="0.145"/>
  <testcase classname="tests.SampletestTest" name="toVerifyUploadButton" time="5.137"/>
  <testcase classname="tests.SampletestTest" name="toVerifymultipleCheckboxA1" time="0.353"/>
</testsuite> <!-- SampleTest -->
