<?xml version="1.0" encoding="UTF-8"?>
<!-- Generated by org.testng.reporters.JUnitXMLReporter -->
<testsuite ignored="0" hostname="DESKTOP-NQ83CF5" failures="0" tests="10" name="SampleTest" time="46.297" errors="0" timestamp="2024-05-23T18:56:08 IST">
  <testcase classname="tests.SampletestTest" name="toEnterDetails" time="0.372"/>
  <testcase classname="tests.SampletestTest" name="toVerifyAlert" time="0.346"/>
  <testcase classname="tests.SampletestTest" name="toVerifyAll" time="1.394"/>
  <testcase classname="tests.SampletestTest" name="toVerifyAutomationCheckbox" time="0.12"/>
  <testcase classname="tests.SampletestTest" name="toVerifyComment" time="0.343"/>
  <testcase classname="tests.SampletestTest" name="toVerifyEducation" time="0.109"/>
  <testcase classname="tests.SampletestTest" name="toVerifyExperienceDropdown" time="0.303"/>
  <testcase classname="tests.SampletestTest" name="toVerifyFunctionalCheckbox" time="0.114"/>
  <testcase classname="tests.SampletestTest" name="toVerifyManualCheckbox" time="0.103"/>
  <testcase classname="tests.SampletestTest" name="toVerifymultipleCheckboxA1" time="0.34"/>
</testsuite> <!-- SampleTest -->
