<?xml version="1.0" encoding="UTF-8"?>
<!-- Generated by org.testng.reporters.JUnitXMLReporter -->
<testsuite ignored="0" hostname="DESKTOP-NQ83CF5" failures="1" tests="2" name="Test4" time="40.895" errors="0" timestamp="2024-05-16T14:52:31 IST">
  <testcase classname="tests.ProgressBarTest" name="testFor100PercentCompletion" time="31.032">
    <failure type="java.lang.AssertionError" message="Failed to complete progress bar to 100%">
      <![CDATA[java.lang.AssertionError: Failed to complete progress bar to 100%
at pageEvent.ProgressBar.ProgressBarcompletes100Percent(ProgressBar.java:70)
at tests.ProgressBarTest.testFor100PercentCompletion(ProgressBarTest.java:26)
at java.base/java.util.ArrayList.forEach(ArrayList.java:1511)
... Removed 28 stack frames]]>
    </failure>
  </testcase> <!-- testFor100PercentCompletion -->
  <testcase classname="tests.ProgressBarTest" name="testForProgressBarButton" time="0.808"/>
</testsuite> <!-- Test4 -->
