<?xml version="1.0" encoding="UTF-8"?>
<!-- Generated by org.testng.reporters.JUnitXMLReporter -->
<testsuite ignored="0" hostname="DESKTOP-NQ83CF5" failures="3" tests="4" name="Toolbar" time="26.298" errors="0" timestamp="2024-05-23T13:59:32 IST">
  <testcase classname="tests.ToolBarTest" name="verifyPrintButtonMessage" time="0.411">
    <failure type="java.lang.AssertionError" message="expected [Print] but found []">
      <![CDATA[java.lang.AssertionError: expected [Print] but found []
at pageEvent.Toolbar.printMessage(Toolbar.java:60)
at tests.ToolBarTest.verifyPrintButtonMessage(ToolBarTest.java:16)
at java.base/java.util.ArrayList.forEach(ArrayList.java:1511)
... Removed 33 stack frames]]>
    </failure>
  </testcase> <!-- verifyPrintButtonMessage -->
  <testcase classname="tests.ToolBarTest" name="verifyRedoButtonMessage" time="0.374">
    <failure type="java.lang.AssertionError" message="expected [Redo] but found []">
      <![CDATA[java.lang.AssertionError: expected [Redo] but found []
at pageEvent.Toolbar.redoMessage(Toolbar.java:71)
at tests.ToolBarTest.verifyRedoButtonMessage(ToolBarTest.java:23)
at java.base/java.util.ArrayList.forEach(ArrayList.java:1511)
... Removed 33 stack frames]]>
    </failure>
  </testcase> <!-- verifyRedoButtonMessage -->
  <testcase classname="tests.ToolBarTest" name="verifyUndoButtonMessage" time="0.476"/>
  <testcase classname="tests.ToolBarTest" name="verifyZoomDropdown" time="2.998">
    <failure type="java.lang.AssertionError" message="expected [90%] but found []">
      <![CDATA[java.lang.AssertionError: expected [90%] but found []
at pageEvent.Toolbar.zoomDropdown(Toolbar.java:98)
at tests.ToolBarTest.verifyZoomDropdown(ToolBarTest.java:37)
at java.base/java.util.ArrayList.forEach(ArrayList.java:1511)
... Removed 33 stack frames]]>
    </failure>
  </testcase> <!-- verifyZoomDropdown -->
</testsuite> <!-- Toolbar -->
