<?xml version="1.0" encoding="UTF-8"?>
<testng-results ignored="0" total="6" passed="6" failed="0" skipped="0">
  <reporter-output>
  </reporter-output>
  <suite started-at="2024-05-16T16:37:08 IST" name="Suite" finished-at="2024-05-16T16:37:56 IST" duration-ms="48045">
    <groups>
    </groups>
    <test started-at="2024-05-16T16:37:08 IST" name="Dropdown" finished-at="2024-05-16T16:37:18 IST" duration-ms="9822">
      <class name="tests.DropDownTest">
        <test-method is-config="true" signature="beforeTest()[pri:0, instance:tests.DropDownTest@2a7f1f10]" started-at="2024-05-16T16:37:08 IST" name="beforeTest" finished-at="2024-05-16T16:37:08 IST" duration-ms="529" status="PASS">
          <reporter-output>
          </reporter-output>
        </test-method> <!-- beforeTest -->
        <test-method is-config="true" signature="startUp(java.lang.String)[pri:0, instance:tests.DropDownTest@2a7f1f10]" started-at="2024-05-16T16:37:08 IST" name="startUp" finished-at="2024-05-16T16:37:14 IST" duration-ms="5360" status="PASS">
          <params>
            <param index="0">
              <value>
                <![CDATA[select-dropdown-menu/]]>
              </value>
            </param>
          </params>
          <reporter-output>
          </reporter-output>
        </test-method> <!-- startUp -->
        <test-method signature="testForDropDowselection()[pri:0, instance:tests.DropDownTest@2a7f1f10]" started-at="2024-05-16T16:37:14 IST" name="testForDropDowselection" description="Test for Validation of DropDown" finished-at="2024-05-16T16:37:17 IST" duration-ms="3315" status="PASS">
          <reporter-output>
          </reporter-output>
        </test-method> <!-- testForDropDowselection -->
        <test-method is-config="true" signature="teardown()[pri:0, instance:tests.DropDownTest@2a7f1f10]" started-at="2024-05-16T16:37:17 IST" name="teardown" finished-at="2024-05-16T16:37:17 IST" duration-ms="112" status="PASS">
          <reporter-output>
          </reporter-output>
        </test-method> <!-- teardown -->
        <test-method is-config="true" signature="tearEnd()[pri:0, instance:tests.DropDownTest@2a7f1f10]" started-at="2024-05-16T16:37:17 IST" name="tearEnd" finished-at="2024-05-16T16:37:18 IST" duration-ms="430" status="PASS">
          <reporter-output>
          </reporter-output>
        </test-method> <!-- tearEnd -->
      </class> <!-- tests.DropDownTest -->
    </test> <!-- Dropdown -->
    <test started-at="2024-05-16T16:37:18 IST" name="Sliders" finished-at="2024-05-16T16:37:25 IST" duration-ms="7023">
      <class name="tests.SliderTest">
        <test-method is-config="true" signature="beforeTest()[pri:0, instance:tests.SliderTest@4c60d6e9]" started-at="2024-05-16T16:37:18 IST" name="beforeTest" finished-at="2024-05-16T16:37:18 IST" duration-ms="1" status="PASS">
          <reporter-output>
          </reporter-output>
        </test-method> <!-- beforeTest -->
        <test-method is-config="true" signature="startUp(java.lang.String)[pri:0, instance:tests.SliderTest@4c60d6e9]" started-at="2024-05-16T16:37:18 IST" name="startUp" finished-at="2024-05-16T16:37:22 IST" duration-ms="4656" status="PASS">
          <params>
            <param index="0">
              <value>
                <![CDATA[sliders/]]>
              </value>
            </param>
          </params>
          <reporter-output>
          </reporter-output>
        </test-method> <!-- startUp -->
        <test-method signature="VerifyingSlidersAreWorking()[pri:0, instance:tests.SliderTest@4c60d6e9]" started-at="2024-05-16T16:37:22 IST" name="VerifyingSlidersAreWorking" description="Verifying Sliders Are Working" finished-at="2024-05-16T16:37:25 IST" duration-ms="2128" status="PASS">
          <reporter-output>
          </reporter-output>
        </test-method> <!-- VerifyingSlidersAreWorking -->
        <test-method is-config="true" signature="teardown()[pri:0, instance:tests.SliderTest@4c60d6e9]" started-at="2024-05-16T16:37:25 IST" name="teardown" finished-at="2024-05-16T16:37:25 IST" duration-ms="139" status="PASS">
          <reporter-output>
          </reporter-output>
        </test-method> <!-- teardown -->
        <test-method is-config="true" signature="tearEnd()[pri:0, instance:tests.SliderTest@4c60d6e9]" started-at="2024-05-16T16:37:25 IST" name="tearEnd" finished-at="2024-05-16T16:37:25 IST" duration-ms="92" status="PASS">
          <reporter-output>
          </reporter-output>
        </test-method> <!-- tearEnd -->
      </class> <!-- tests.SliderTest -->
    </test> <!-- Sliders -->
    <test started-at="2024-05-16T16:37:25 IST" name="Frames_Windows" finished-at="2024-05-16T16:37:33 IST" duration-ms="7915">
      <class name="tests.TabsAndWindowsTest">
        <test-method is-config="true" signature="beforeTest()[pri:0, instance:tests.TabsAndWindowsTest@7f485fda]" started-at="2024-05-16T16:37:25 IST" name="beforeTest" finished-at="2024-05-16T16:37:25 IST" duration-ms="1" status="PASS">
          <reporter-output>
          </reporter-output>
        </test-method> <!-- beforeTest -->
        <test-method is-config="true" signature="startUp(java.lang.String)[pri:0, instance:tests.TabsAndWindowsTest@7f485fda]" started-at="2024-05-16T16:37:25 IST" name="startUp" finished-at="2024-05-16T16:37:29 IST" duration-ms="3963" status="PASS">
          <params>
            <param index="0">
              <value>
                <![CDATA[frames-and-windows/]]>
              </value>
            </param>
          </params>
          <reporter-output>
          </reporter-output>
        </test-method> <!-- startUp -->
        <test-method signature="testToSwitchToOtherTab()[pri:0, instance:tests.TabsAndWindowsTest@7f485fda]" started-at="2024-05-16T16:37:29 IST" name="testToSwitchToOtherTab" description="Test To Verify That After Clicking Button It Changes the Tab" finished-at="2024-05-16T16:37:33 IST" duration-ms="3753" status="PASS">
          <reporter-output>
          </reporter-output>
        </test-method> <!-- testToSwitchToOtherTab -->
        <test-method is-config="true" signature="teardown()[pri:0, instance:tests.TabsAndWindowsTest@7f485fda]" started-at="2024-05-16T16:37:33 IST" name="teardown" finished-at="2024-05-16T16:37:33 IST" duration-ms="105" status="PASS">
          <reporter-output>
          </reporter-output>
        </test-method> <!-- teardown -->
        <test-method is-config="true" signature="tearEnd()[pri:0, instance:tests.TabsAndWindowsTest@7f485fda]" started-at="2024-05-16T16:37:33 IST" name="tearEnd" finished-at="2024-05-16T16:37:33 IST" duration-ms="84" status="PASS">
          <reporter-output>
          </reporter-output>
        </test-method> <!-- tearEnd -->
      </class> <!-- tests.TabsAndWindowsTest -->
    </test> <!-- Frames_Windows -->
    <test started-at="2024-05-16T16:37:33 IST" name="Tooltip" finished-at="2024-05-16T16:37:40 IST" duration-ms="7319">
      <class name="tests.ToolTipTest">
        <test-method is-config="true" signature="beforeTest()[pri:0, instance:tests.ToolTipTest@3f191845]" started-at="2024-05-16T16:37:33 IST" name="beforeTest" finished-at="2024-05-16T16:37:33 IST" duration-ms="2" status="PASS">
          <reporter-output>
          </reporter-output>
        </test-method> <!-- beforeTest -->
        <test-method is-config="true" signature="startUp(java.lang.String)[pri:0, instance:tests.ToolTipTest@3f191845]" started-at="2024-05-16T16:37:33 IST" name="startUp" finished-at="2024-05-16T16:37:37 IST" duration-ms="4614" status="PASS">
          <params>
            <param index="0">
              <value>
                <![CDATA[tooltip/]]>
              </value>
            </param>
          </params>
          <reporter-output>
          </reporter-output>
        </test-method> <!-- startUp -->
        <test-method signature="testToVerifyTooltipFunctionality()[pri:0, instance:tests.ToolTipTest@3f191845]" started-at="2024-05-16T16:37:37 IST" name="testToVerifyTooltipFunctionality" description="test to verify whether the tooltip works fine" finished-at="2024-05-16T16:37:40 IST" duration-ms="2533" status="PASS">
          <reporter-output>
          </reporter-output>
        </test-method> <!-- testToVerifyTooltipFunctionality -->
        <test-method is-config="true" signature="teardown()[pri:0, instance:tests.ToolTipTest@3f191845]" started-at="2024-05-16T16:37:40 IST" name="teardown" finished-at="2024-05-16T16:37:40 IST" duration-ms="106" status="PASS">
          <reporter-output>
          </reporter-output>
        </test-method> <!-- teardown -->
        <test-method is-config="true" signature="tearEnd()[pri:0, instance:tests.ToolTipTest@3f191845]" started-at="2024-05-16T16:37:40 IST" name="tearEnd" finished-at="2024-05-16T16:37:40 IST" duration-ms="61" status="PASS">
          <reporter-output>
          </reporter-output>
        </test-method> <!-- tearEnd -->
      </class> <!-- tests.ToolTipTest -->
    </test> <!-- Tooltip -->
    <test started-at="2024-05-16T16:37:40 IST" name="Spinner" finished-at="2024-05-16T16:37:49 IST" duration-ms="8488">
      <class name="tests.SpinnerTest">
        <test-method is-config="true" signature="beforeTest()[pri:0, instance:tests.SpinnerTest@606e4010]" started-at="2024-05-16T16:37:40 IST" name="beforeTest" finished-at="2024-05-16T16:37:40 IST" duration-ms="1" status="PASS">
          <reporter-output>
          </reporter-output>
        </test-method> <!-- beforeTest -->
        <test-method is-config="true" signature="startUp(java.lang.String)[pri:0, instance:tests.SpinnerTest@606e4010]" started-at="2024-05-16T16:37:40 IST" name="startUp" finished-at="2024-05-16T16:37:45 IST" duration-ms="5159" status="PASS">
          <params>
            <param index="0">
              <value>
                <![CDATA[spinner/]]>
              </value>
            </param>
          </params>
          <reporter-output>
          </reporter-output>
        </test-method> <!-- startUp -->
        <test-method signature="ToVerifySpinner()[pri:0, instance:tests.SpinnerTest@606e4010]" started-at="2024-05-16T16:37:45 IST" name="ToVerifySpinner" description="To verify wether Spinner works as expected" finished-at="2024-05-16T16:37:48 IST" duration-ms="3250" status="PASS">
          <reporter-output>
          </reporter-output>
        </test-method> <!-- ToVerifySpinner -->
        <test-method is-config="true" signature="teardown()[pri:0, instance:tests.SpinnerTest@606e4010]" started-at="2024-05-16T16:37:48 IST" name="teardown" finished-at="2024-05-16T16:37:48 IST" duration-ms="1" status="PASS">
          <reporter-output>
          </reporter-output>
        </test-method> <!-- teardown -->
        <test-method is-config="true" signature="tearEnd()[pri:0, instance:tests.SpinnerTest@606e4010]" started-at="2024-05-16T16:37:48 IST" name="tearEnd" finished-at="2024-05-16T16:37:49 IST" duration-ms="74" status="PASS">
          <reporter-output>
          </reporter-output>
        </test-method> <!-- tearEnd -->
      </class> <!-- tests.SpinnerTest -->
    </test> <!-- Spinner -->
    <test started-at="2024-05-16T16:37:49 IST" name="Sorting" finished-at="2024-05-16T16:37:56 IST" duration-ms="7407">
      <class name="tests.SortableTest">
        <test-method is-config="true" signature="beforeTest()[pri:0, instance:tests.SortableTest@cc43f62]" started-at="2024-05-16T16:37:49 IST" name="beforeTest" finished-at="2024-05-16T16:37:49 IST" duration-ms="1" status="PASS">
          <reporter-output>
          </reporter-output>
        </test-method> <!-- beforeTest -->
        <test-method is-config="true" signature="startUp(java.lang.String)[pri:0, instance:tests.SortableTest@cc43f62]" started-at="2024-05-16T16:37:49 IST" name="startUp" finished-at="2024-05-16T16:37:53 IST" duration-ms="4624" status="PASS">
          <params>
            <param index="0">
              <value>
                <![CDATA[sorting/]]>
              </value>
            </param>
          </params>
          <reporter-output>
          </reporter-output>
        </test-method> <!-- startUp -->
        <test-method signature="ToTestShoppingAndFeedsPositions()[pri:0, instance:tests.SortableTest@cc43f62]" started-at="2024-05-16T16:37:53 IST" name="ToTestShoppingAndFeedsPositions" description="To verfiy if interchange of feed&#039;s And Shopping&#039;s position is possible " finished-at="2024-05-16T16:37:56 IST" duration-ms="2619" status="PASS">
          <reporter-output>
          </reporter-output>
        </test-method> <!-- ToTestShoppingAndFeedsPositions -->
        <test-method is-config="true" signature="teardown()[pri:0, instance:tests.SortableTest@cc43f62]" started-at="2024-05-16T16:37:56 IST" name="teardown" finished-at="2024-05-16T16:37:56 IST" duration-ms="104" status="PASS">
          <reporter-output>
          </reporter-output>
        </test-method> <!-- teardown -->
        <test-method is-config="true" signature="tearEnd()[pri:0, instance:tests.SortableTest@cc43f62]" started-at="2024-05-16T16:37:56 IST" name="tearEnd" finished-at="2024-05-16T16:37:56 IST" duration-ms="55" status="PASS">
          <reporter-output>
          </reporter-output>
        </test-method> <!-- tearEnd -->
      </class> <!-- tests.SortableTest -->
    </test> <!-- Sorting -->
  </suite> <!-- Suite -->
</testng-results>
