<?xml version="1.0" encoding="UTF-8"?>
<testng-results ignored="0" total="1" passed="1" failed="0" skipped="0">
  <reporter-output>
  </reporter-output>
  <suite started-at="2024-05-16T12:50:02 IST" name="Default suite" finished-at="2024-05-16T12:50:14 IST" duration-ms="11319">
    <groups>
    </groups>
    <test started-at="2024-05-16T12:50:02 IST" name="Default test" finished-at="2024-05-16T12:50:14 IST" duration-ms="11319">
      <class name="tests.DropDownTest">
        <test-method is-config="true" signature="beforeTest()[pri:0, instance:tests.DropDownTest@3e27aa33]" started-at="2024-05-16T12:50:02 IST" name="beforeTest" finished-at="2024-05-16T12:50:03 IST" duration-ms="522" status="PASS">
          <reporter-output>
          </reporter-output>
        </test-method> <!-- beforeTest -->
        <test-method is-config="true" signature="startUp(java.lang.String)[pri:0, instance:tests.DropDownTest@3e27aa33]" started-at="2024-05-16T12:50:03 IST" name="startUp" finished-at="2024-05-16T12:50:11 IST" duration-ms="8318" status="PASS">
          <params>
            <param index="0">
              <value is-null="true"/>
            </param>
          </params>
          <reporter-output>
          </reporter-output>
        </test-method> <!-- startUp -->
        <test-method signature="testForDropDowselection()[pri:0, instance:tests.DropDownTest@3e27aa33]" started-at="2024-05-16T12:50:11 IST" name="testForDropDowselection" description="Test for Validation of DropDown" finished-at="2024-05-16T12:50:13 IST" duration-ms="1547" status="PASS">
          <reporter-output>
          </reporter-output>
        </test-method> <!-- testForDropDowselection -->
        <test-method is-config="true" signature="teardown()[pri:0, instance:tests.DropDownTest@3e27aa33]" started-at="2024-05-16T12:50:13 IST" name="teardown" finished-at="2024-05-16T12:50:13 IST" duration-ms="307" status="PASS">
          <reporter-output>
          </reporter-output>
        </test-method> <!-- teardown -->
        <test-method is-config="true" signature="tearEnd()[pri:0, instance:tests.DropDownTest@3e27aa33]" started-at="2024-05-16T12:50:13 IST" name="tearEnd" finished-at="2024-05-16T12:50:14 IST" duration-ms="549" status="PASS">
          <reporter-output>
          </reporter-output>
        </test-method> <!-- tearEnd -->
      </class> <!-- tests.DropDownTest -->
    </test> <!-- Default test -->
  </suite> <!-- Default suite -->
</testng-results>
