<?xml version="1.0" encoding="UTF-8"?>
<testng-results ignored="0" total="26" passed="24" failed="2" skipped="0">
  <reporter-output>
  </reporter-output>
  <suite started-at="2024-05-23T18:52:50 IST" name="Suite" finished-at="2024-05-23T18:56:08 IST" duration-ms="197800">
    <groups>
    </groups>
    <test started-at="2024-05-23T18:52:50 IST" name="DialogBox" finished-at="2024-05-23T18:53:09 IST" duration-ms="18673">
      <class name="tests.DialogBoxTest">
        <test-method is-config="true" signature="beforeTest()[pri:0, instance:tests.DialogBoxTest@26d9b808]" started-at="2024-05-23T18:52:50 IST" name="beforeTest" finished-at="2024-05-23T18:52:51 IST" duration-ms="473" status="PASS">
          <reporter-output>
          </reporter-output>
        </test-method> <!-- beforeTest -->
        <test-method is-config="true" signature="startUp(java.lang.String)[pri:0, instance:tests.DialogBoxTest@26d9b808]" started-at="2024-05-23T18:52:51 IST" name="startUp" finished-at="2024-05-23T18:52:57 IST" duration-ms="6657" status="PASS">
          <params>
            <param index="0">
              <value>
                <![CDATA[demo-site/dialog-boxes/]]>
              </value>
            </param>
          </params>
          <reporter-output>
          </reporter-output>
        </test-method> <!-- startUp -->
        <test-method signature="ToEnterdialogBox()[pri:0, instance:tests.DialogBoxTest@26d9b808]" started-at="2024-05-23T18:52:57 IST" name="ToEnterdialogBox" description="test to verify modal dialog box" finished-at="2024-05-23T18:53:08 IST" duration-ms="10853" status="PASS">
          <reporter-output>
          </reporter-output>
        </test-method> <!-- ToEnterdialogBox -->
        <test-method is-config="true" signature="teardown()[pri:0, instance:tests.DialogBoxTest@26d9b808]" started-at="2024-05-23T18:53:08 IST" name="teardown" finished-at="2024-05-23T18:53:08 IST" duration-ms="126" status="PASS">
          <reporter-output>
          </reporter-output>
        </test-method> <!-- teardown -->
        <test-method is-config="true" signature="tearEnd()[pri:0, instance:tests.DialogBoxTest@26d9b808]" started-at="2024-05-23T18:53:08 IST" name="tearEnd" finished-at="2024-05-23T18:53:09 IST" duration-ms="492" status="PASS">
          <reporter-output>
          </reporter-output>
        </test-method> <!-- tearEnd -->
      </class> <!-- tests.DialogBoxTest -->
    </test> <!-- DialogBox -->
    <test started-at="2024-05-23T18:53:09 IST" name="Dropdown" finished-at="2024-05-23T18:53:17 IST" duration-ms="7927">
      <class name="tests.DropDownTest">
        <test-method is-config="true" signature="beforeTest()[pri:0, instance:tests.DropDownTest@4b29d1d2]" started-at="2024-05-23T18:53:09 IST" name="beforeTest" finished-at="2024-05-23T18:53:09 IST" duration-ms="1" status="PASS">
          <reporter-output>
          </reporter-output>
        </test-method> <!-- beforeTest -->
        <test-method is-config="true" signature="startUp(java.lang.String)[pri:0, instance:tests.DropDownTest@4b29d1d2]" started-at="2024-05-23T18:53:09 IST" name="startUp" finished-at="2024-05-23T18:53:14 IST" duration-ms="4524" status="PASS">
          <params>
            <param index="0">
              <value>
                <![CDATA[demo-site/select-dropdown-menu/]]>
              </value>
            </param>
          </params>
          <reporter-output>
          </reporter-output>
        </test-method> <!-- startUp -->
        <test-method signature="testForDropDowselection()[pri:0, instance:tests.DropDownTest@4b29d1d2]" started-at="2024-05-23T18:53:14 IST" name="testForDropDowselection" description="Test for Validation of DropDown" finished-at="2024-05-23T18:53:17 IST" duration-ms="3173" status="PASS">
          <reporter-output>
          </reporter-output>
        </test-method> <!-- testForDropDowselection -->
        <test-method is-config="true" signature="teardown()[pri:0, instance:tests.DropDownTest@4b29d1d2]" started-at="2024-05-23T18:53:17 IST" name="teardown" finished-at="2024-05-23T18:53:17 IST" duration-ms="120" status="PASS">
          <reporter-output>
          </reporter-output>
        </test-method> <!-- teardown -->
        <test-method is-config="true" signature="tearEnd()[pri:0, instance:tests.DropDownTest@4b29d1d2]" started-at="2024-05-23T18:53:17 IST" name="tearEnd" finished-at="2024-05-23T18:53:17 IST" duration-ms="101" status="PASS">
          <reporter-output>
          </reporter-output>
        </test-method> <!-- tearEnd -->
      </class> <!-- tests.DropDownTest -->
    </test> <!-- Dropdown -->
    <test started-at="2024-05-23T18:53:17 IST" name="ProgressBar" finished-at="2024-05-23T18:53:38 IST" duration-ms="20786">
      <class name="tests.ProgressBarTest">
        <test-method is-config="true" signature="beforeTest()[pri:0, instance:tests.ProgressBarTest@35dab4eb]" started-at="2024-05-23T18:53:17 IST" name="beforeTest" finished-at="2024-05-23T18:53:17 IST" duration-ms="3" status="PASS">
          <reporter-output>
          </reporter-output>
        </test-method> <!-- beforeTest -->
        <test-method is-config="true" signature="startUp(java.lang.String)[pri:0, instance:tests.ProgressBarTest@35dab4eb]" started-at="2024-05-23T18:53:17 IST" name="startUp" finished-at="2024-05-23T18:53:27 IST" duration-ms="9915" status="PASS">
          <params>
            <param index="0">
              <value>
                <![CDATA[demo-site/progress-bar/]]>
              </value>
            </param>
          </params>
          <reporter-output>
          </reporter-output>
        </test-method> <!-- startUp -->
        <test-method signature="testForProgressBarButton()[pri:0, instance:tests.ProgressBarTest@35dab4eb]" started-at="2024-05-23T18:53:27 IST" name="testForProgressBarButton" description="test to verify ProgressBar Start Download Button working" finished-at="2024-05-23T18:53:37 IST" duration-ms="10412" status="PASS">
          <reporter-output>
          </reporter-output>
        </test-method> <!-- testForProgressBarButton -->
        <test-method is-config="true" signature="teardown()[pri:0, instance:tests.ProgressBarTest@35dab4eb]" started-at="2024-05-23T18:53:37 IST" name="teardown" finished-at="2024-05-23T18:53:38 IST" duration-ms="325" status="PASS">
          <reporter-output>
          </reporter-output>
        </test-method> <!-- teardown -->
        <test-method is-config="true" signature="tearEnd()[pri:0, instance:tests.ProgressBarTest@35dab4eb]" started-at="2024-05-23T18:53:38 IST" name="tearEnd" finished-at="2024-05-23T18:53:38 IST" duration-ms="102" status="PASS">
          <reporter-output>
          </reporter-output>
        </test-method> <!-- tearEnd -->
      </class> <!-- tests.ProgressBarTest -->
    </test> <!-- ProgressBar -->
    <test started-at="2024-05-23T18:53:38 IST" name="Sliders" finished-at="2024-05-23T18:53:46 IST" duration-ms="8712">
      <class name="tests.SliderTest">
        <test-method is-config="true" signature="beforeTest()[pri:0, instance:tests.SliderTest@72035809]" started-at="2024-05-23T18:53:38 IST" name="beforeTest" finished-at="2024-05-23T18:53:38 IST" duration-ms="1" status="PASS">
          <reporter-output>
          </reporter-output>
        </test-method> <!-- beforeTest -->
        <test-method is-config="true" signature="startUp(java.lang.String)[pri:0, instance:tests.SliderTest@72035809]" started-at="2024-05-23T18:53:38 IST" name="startUp" finished-at="2024-05-23T18:53:44 IST" duration-ms="6340" status="PASS">
          <params>
            <param index="0">
              <value>
                <![CDATA[demo-site/sliders/]]>
              </value>
            </param>
          </params>
          <reporter-output>
          </reporter-output>
        </test-method> <!-- startUp -->
        <test-method signature="VerifyingSlidersAreWorking()[pri:0, instance:tests.SliderTest@72035809]" started-at="2024-05-23T18:53:44 IST" name="VerifyingSlidersAreWorking" description="Verifying Sliders Are Working" finished-at="2024-05-23T18:53:46 IST" duration-ms="2120" status="PASS">
          <reporter-output>
          </reporter-output>
        </test-method> <!-- VerifyingSlidersAreWorking -->
        <test-method is-config="true" signature="teardown()[pri:0, instance:tests.SliderTest@72035809]" started-at="2024-05-23T18:53:46 IST" name="teardown" finished-at="2024-05-23T18:53:46 IST" duration-ms="118" status="PASS">
          <reporter-output>
          </reporter-output>
        </test-method> <!-- teardown -->
        <test-method is-config="true" signature="tearEnd()[pri:0, instance:tests.SliderTest@72035809]" started-at="2024-05-23T18:53:46 IST" name="tearEnd" finished-at="2024-05-23T18:53:46 IST" duration-ms="128" status="PASS">
          <reporter-output>
          </reporter-output>
        </test-method> <!-- tearEnd -->
      </class> <!-- tests.SliderTest -->
    </test> <!-- Sliders -->
    <test started-at="2024-05-23T18:53:46 IST" name="Frames_Windows" finished-at="2024-05-23T18:53:56 IST" duration-ms="9449">
      <class name="tests.TabsAndWindowsTest">
        <test-method is-config="true" signature="beforeTest()[pri:0, instance:tests.TabsAndWindowsTest@7a35b0f5]" started-at="2024-05-23T18:53:46 IST" name="beforeTest" finished-at="2024-05-23T18:53:46 IST" duration-ms="1" status="PASS">
          <reporter-output>
          </reporter-output>
        </test-method> <!-- beforeTest -->
        <test-method is-config="true" signature="startUp(java.lang.String)[pri:0, instance:tests.TabsAndWindowsTest@7a35b0f5]" started-at="2024-05-23T18:53:46 IST" name="startUp" finished-at="2024-05-23T18:53:51 IST" duration-ms="4716" status="PASS">
          <params>
            <param index="0">
              <value>
                <![CDATA[demo-site/frames-and-windows/]]>
              </value>
            </param>
          </params>
          <reporter-output>
          </reporter-output>
        </test-method> <!-- startUp -->
        <test-method signature="testToSwitchToOtherTab()[pri:0, instance:tests.TabsAndWindowsTest@7a35b0f5]" started-at="2024-05-23T18:53:51 IST" name="testToSwitchToOtherTab" description="Test To Verify That After Clicking Button It Changes the Tab" finished-at="2024-05-23T18:53:56 IST" duration-ms="4551" status="PASS">
          <reporter-output>
          </reporter-output>
        </test-method> <!-- testToSwitchToOtherTab -->
        <test-method is-config="true" signature="teardown()[pri:0, instance:tests.TabsAndWindowsTest@7a35b0f5]" started-at="2024-05-23T18:53:56 IST" name="teardown" finished-at="2024-05-23T18:53:56 IST" duration-ms="106" status="PASS">
          <reporter-output>
          </reporter-output>
        </test-method> <!-- teardown -->
        <test-method is-config="true" signature="tearEnd()[pri:0, instance:tests.TabsAndWindowsTest@7a35b0f5]" started-at="2024-05-23T18:53:56 IST" name="tearEnd" finished-at="2024-05-23T18:53:56 IST" duration-ms="71" status="PASS">
          <reporter-output>
          </reporter-output>
        </test-method> <!-- tearEnd -->
      </class> <!-- tests.TabsAndWindowsTest -->
    </test> <!-- Frames_Windows -->
    <test started-at="2024-05-23T18:53:56 IST" name="Tooltip" finished-at="2024-05-23T18:54:07 IST" duration-ms="10753">
      <class name="tests.ToolTipTest">
        <test-method is-config="true" signature="beforeTest()[pri:0, instance:tests.ToolTipTest@413d1baf]" started-at="2024-05-23T18:53:56 IST" name="beforeTest" finished-at="2024-05-23T18:53:56 IST" duration-ms="2" status="PASS">
          <reporter-output>
          </reporter-output>
        </test-method> <!-- beforeTest -->
        <test-method is-config="true" signature="startUp(java.lang.String)[pri:0, instance:tests.ToolTipTest@413d1baf]" started-at="2024-05-23T18:53:56 IST" name="startUp" finished-at="2024-05-23T18:54:04 IST" duration-ms="8031" status="PASS">
          <params>
            <param index="0">
              <value>
                <![CDATA[demo-site/tooltip/]]>
              </value>
            </param>
          </params>
          <reporter-output>
          </reporter-output>
        </test-method> <!-- startUp -->
        <test-method signature="testToVerifyTooltipFunctionality()[pri:0, instance:tests.ToolTipTest@413d1baf]" started-at="2024-05-23T18:54:04 IST" name="testToVerifyTooltipFunctionality" description="test to verify whether the tooltip works fine" finished-at="2024-05-23T18:54:07 IST" duration-ms="2529" status="PASS">
          <reporter-output>
          </reporter-output>
        </test-method> <!-- testToVerifyTooltipFunctionality -->
        <test-method is-config="true" signature="teardown()[pri:0, instance:tests.ToolTipTest@413d1baf]" started-at="2024-05-23T18:54:07 IST" name="teardown" finished-at="2024-05-23T18:54:07 IST" duration-ms="120" status="PASS">
          <reporter-output>
          </reporter-output>
        </test-method> <!-- teardown -->
        <test-method is-config="true" signature="tearEnd()[pri:0, instance:tests.ToolTipTest@413d1baf]" started-at="2024-05-23T18:54:07 IST" name="tearEnd" finished-at="2024-05-23T18:54:07 IST" duration-ms="68" status="PASS">
          <reporter-output>
          </reporter-output>
        </test-method> <!-- tearEnd -->
      </class> <!-- tests.ToolTipTest -->
    </test> <!-- Tooltip -->
    <test started-at="2024-05-23T18:54:07 IST" name="Spinner" finished-at="2024-05-23T18:54:17 IST" duration-ms="9915">
      <class name="tests.SpinnerTest">
        <test-method is-config="true" signature="beforeTest()[pri:0, instance:tests.SpinnerTest@48bb62]" started-at="2024-05-23T18:54:07 IST" name="beforeTest" finished-at="2024-05-23T18:54:07 IST" duration-ms="2" status="PASS">
          <reporter-output>
          </reporter-output>
        </test-method> <!-- beforeTest -->
        <test-method is-config="true" signature="startUp(java.lang.String)[pri:0, instance:tests.SpinnerTest@48bb62]" started-at="2024-05-23T18:54:07 IST" name="startUp" finished-at="2024-05-23T18:54:12 IST" duration-ms="5697" status="PASS">
          <params>
            <param index="0">
              <value>
                <![CDATA[demo-site/spinner/]]>
              </value>
            </param>
          </params>
          <reporter-output>
          </reporter-output>
        </test-method> <!-- startUp -->
        <test-method signature="ToVerifySpinner()[pri:0, instance:tests.SpinnerTest@48bb62]" started-at="2024-05-23T18:54:12 IST" name="ToVerifySpinner" description="To verify wether Spinner works as expected" finished-at="2024-05-23T18:54:17 IST" duration-ms="4160" status="PASS">
          <reporter-output>
          </reporter-output>
        </test-method> <!-- ToVerifySpinner -->
        <test-method is-config="true" signature="teardown()[pri:0, instance:tests.SpinnerTest@48bb62]" started-at="2024-05-23T18:54:17 IST" name="teardown" finished-at="2024-05-23T18:54:17 IST" duration-ms="1" status="PASS">
          <reporter-output>
          </reporter-output>
        </test-method> <!-- teardown -->
        <test-method is-config="true" signature="tearEnd()[pri:0, instance:tests.SpinnerTest@48bb62]" started-at="2024-05-23T18:54:17 IST" name="tearEnd" finished-at="2024-05-23T18:54:17 IST" duration-ms="53" status="PASS">
          <reporter-output>
          </reporter-output>
        </test-method> <!-- tearEnd -->
      </class> <!-- tests.SpinnerTest -->
    </test> <!-- Spinner -->
    <test started-at="2024-05-23T18:54:17 IST" name="Toolbar" finished-at="2024-05-23T18:54:44 IST" duration-ms="27318">
      <class name="tests.ToolBarTest">
        <test-method is-config="true" signature="beforeTest()[pri:0, instance:tests.ToolBarTest@7ce026d3]" started-at="2024-05-23T18:54:17 IST" name="beforeTest" finished-at="2024-05-23T18:54:17 IST" duration-ms="1" status="PASS">
          <reporter-output>
          </reporter-output>
        </test-method> <!-- beforeTest -->
        <test-method is-config="true" signature="startUp(java.lang.String)[pri:0, instance:tests.ToolBarTest@7ce026d3]" started-at="2024-05-23T18:54:17 IST" name="startUp" finished-at="2024-05-23T18:54:22 IST" duration-ms="5296" status="PASS">
          <params>
            <param index="0">
              <value>
                <![CDATA[demo-site/toolbar/]]>
              </value>
            </param>
          </params>
          <reporter-output>
          </reporter-output>
        </test-method> <!-- startUp -->
        <test-method signature="verifyPrintButtonMessage()[pri:0, instance:tests.ToolBarTest@7ce026d3]" started-at="2024-05-23T18:54:22 IST" name="verifyPrintButtonMessage" description="to verify the hovered message of a Print Button" finished-at="2024-05-23T18:54:22 IST" duration-ms="400" status="PASS">
          <reporter-output>
          </reporter-output>
        </test-method> <!-- verifyPrintButtonMessage -->
        <test-method is-config="true" signature="teardown()[pri:0, instance:tests.ToolBarTest@7ce026d3]" started-at="2024-05-23T18:54:22 IST" name="teardown" finished-at="2024-05-23T18:54:22 IST" duration-ms="117" status="PASS">
          <reporter-output>
          </reporter-output>
        </test-method> <!-- teardown -->
        <test-method is-config="true" signature="startUp(java.lang.String)[pri:0, instance:tests.ToolBarTest@7ce026d3]" started-at="2024-05-23T18:54:22 IST" name="startUp" finished-at="2024-05-23T18:54:28 IST" duration-ms="5861" status="PASS">
          <params>
            <param index="0">
              <value>
                <![CDATA[demo-site/toolbar/]]>
              </value>
            </param>
          </params>
          <reporter-output>
          </reporter-output>
        </test-method> <!-- startUp -->
        <test-method signature="verifyRedoButtonMessage()[pri:0, instance:tests.ToolBarTest@7ce026d3]" started-at="2024-05-23T18:54:28 IST" name="verifyRedoButtonMessage" description="to verify the hovered message of a Redo Button" finished-at="2024-05-23T18:54:29 IST" duration-ms="388" status="PASS">
          <reporter-output>
          </reporter-output>
        </test-method> <!-- verifyRedoButtonMessage -->
        <test-method is-config="true" signature="teardown()[pri:0, instance:tests.ToolBarTest@7ce026d3]" started-at="2024-05-23T18:54:29 IST" name="teardown" finished-at="2024-05-23T18:54:29 IST" duration-ms="101" status="PASS">
          <reporter-output>
          </reporter-output>
        </test-method> <!-- teardown -->
        <test-method is-config="true" signature="startUp(java.lang.String)[pri:0, instance:tests.ToolBarTest@7ce026d3]" started-at="2024-05-23T18:54:29 IST" name="startUp" finished-at="2024-05-23T18:54:34 IST" duration-ms="5028" status="PASS">
          <params>
            <param index="0">
              <value>
                <![CDATA[demo-site/toolbar/]]>
              </value>
            </param>
          </params>
          <reporter-output>
          </reporter-output>
        </test-method> <!-- startUp -->
        <test-method signature="verifyUndoButtonMessage()[pri:0, instance:tests.ToolBarTest@7ce026d3]" started-at="2024-05-23T18:54:34 IST" name="verifyUndoButtonMessage" description="to verify the hovered message of a Undo Button" finished-at="2024-05-23T18:54:34 IST" duration-ms="364" status="FAIL">
          <exception class="java.lang.AssertionError">
            <message>
              <![CDATA[expected [Undo] but found []]]>
            </message>
            <full-stacktrace>
              <![CDATA[java.lang.AssertionError: expected [Undo] but found []
at org.testng.Assert.fail(Assert.java:110)
at org.testng.Assert.failNotEquals(Assert.java:1577)
at org.testng.Assert.assertEqualsImpl(Assert.java:149)
at org.testng.Assert.assertEquals(Assert.java:131)
at org.testng.Assert.assertEquals(Assert.java:655)
at org.testng.Assert.assertEquals(Assert.java:665)
at pageEvent.Toolbar.undoMessage(Toolbar.java:84)
at tests.ToolBarTest.verifyUndoButtonMessage(ToolBarTest.java:30)
at java.base/jdk.internal.reflect.NativeMethodAccessorImpl.invoke0(Native Method)
at java.base/jdk.internal.reflect.NativeMethodAccessorImpl.invoke(NativeMethodAccessorImpl.java:77)
at java.base/jdk.internal.reflect.DelegatingMethodAccessorImpl.invoke(DelegatingMethodAccessorImpl.java:43)
at java.base/java.lang.reflect.Method.invoke(Method.java:568)
at org.testng.internal.invokers.MethodInvocationHelper.invokeMethod(MethodInvocationHelper.java:139)
at org.testng.internal.invokers.TestInvoker.invokeMethod(TestInvoker.java:677)
at org.testng.internal.invokers.TestInvoker.invokeTestMethod(TestInvoker.java:221)
at org.testng.internal.invokers.MethodRunner.runInSequence(MethodRunner.java:50)
at org.testng.internal.invokers.TestInvoker$MethodInvocationAgent.invoke(TestInvoker.java:969)
at org.testng.internal.invokers.TestInvoker.invokeTestMethods(TestInvoker.java:194)
at org.testng.internal.invokers.TestMethodWorker.invokeTestMethods(TestMethodWorker.java:148)
at org.testng.internal.invokers.TestMethodWorker.run(TestMethodWorker.java:128)
at java.base/java.util.ArrayList.forEach(ArrayList.java:1511)
at org.testng.TestRunner.privateRun(TestRunner.java:829)
at org.testng.TestRunner.run(TestRunner.java:602)
at org.testng.SuiteRunner.runTest(SuiteRunner.java:437)
at org.testng.SuiteRunner.runSequentially(SuiteRunner.java:431)
at org.testng.SuiteRunner.privateRun(SuiteRunner.java:391)
at org.testng.SuiteRunner.run(SuiteRunner.java:330)
at org.testng.SuiteRunnerWorker.runSuite(SuiteRunnerWorker.java:52)
at org.testng.SuiteRunnerWorker.run(SuiteRunnerWorker.java:95)
at org.testng.TestNG.runSuitesSequentially(TestNG.java:1256)
at org.testng.TestNG.runSuitesLocally(TestNG.java:1176)
at org.testng.TestNG.runSuites(TestNG.java:1099)
at org.testng.TestNG.run(TestNG.java:1067)
at org.testng.remote.AbstractRemoteTestNG.run(AbstractRemoteTestNG.java:115)
at org.testng.remote.RemoteTestNG.initAndRun(RemoteTestNG.java:251)
at org.testng.remote.RemoteTestNG.main(RemoteTestNG.java:77)
]]>
            </full-stacktrace>
          </exception> <!-- java.lang.AssertionError -->
          <reporter-output>
          </reporter-output>
        </test-method> <!-- verifyUndoButtonMessage -->
        <test-method is-config="true" signature="teardown()[pri:0, instance:tests.ToolBarTest@7ce026d3]" started-at="2024-05-23T18:54:34 IST" name="teardown" finished-at="2024-05-23T18:54:34 IST" duration-ms="108" status="PASS">
          <reporter-output>
          </reporter-output>
        </test-method> <!-- teardown -->
        <test-method is-config="true" signature="startUp(java.lang.String)[pri:0, instance:tests.ToolBarTest@7ce026d3]" started-at="2024-05-23T18:54:34 IST" name="startUp" finished-at="2024-05-23T18:54:40 IST" duration-ms="5580" status="PASS">
          <params>
            <param index="0">
              <value>
                <![CDATA[demo-site/toolbar/]]>
              </value>
            </param>
          </params>
          <reporter-output>
          </reporter-output>
        </test-method> <!-- startUp -->
        <test-method signature="verifyZoomDropdown()[pri:0, instance:tests.ToolBarTest@7ce026d3]" started-at="2024-05-23T18:54:40 IST" name="verifyZoomDropdown" description="to verify zoom dropdown works as expected" finished-at="2024-05-23T18:54:44 IST" duration-ms="3906" status="FAIL">
          <exception class="java.lang.AssertionError">
            <message>
              <![CDATA[expected [90%] but found []]]>
            </message>
            <full-stacktrace>
              <![CDATA[java.lang.AssertionError: expected [90%] but found []
at org.testng.Assert.fail(Assert.java:110)
at org.testng.Assert.failNotEquals(Assert.java:1577)
at org.testng.Assert.assertEqualsImpl(Assert.java:149)
at org.testng.Assert.assertEquals(Assert.java:131)
at org.testng.Assert.assertEquals(Assert.java:655)
at org.testng.Assert.assertEquals(Assert.java:665)
at pageEvent.Toolbar.zoomDropdown(Toolbar.java:101)
at tests.ToolBarTest.verifyZoomDropdown(ToolBarTest.java:37)
at java.base/jdk.internal.reflect.NativeMethodAccessorImpl.invoke0(Native Method)
at java.base/jdk.internal.reflect.NativeMethodAccessorImpl.invoke(NativeMethodAccessorImpl.java:77)
at java.base/jdk.internal.reflect.DelegatingMethodAccessorImpl.invoke(DelegatingMethodAccessorImpl.java:43)
at java.base/java.lang.reflect.Method.invoke(Method.java:568)
at org.testng.internal.invokers.MethodInvocationHelper.invokeMethod(MethodInvocationHelper.java:139)
at org.testng.internal.invokers.TestInvoker.invokeMethod(TestInvoker.java:677)
at org.testng.internal.invokers.TestInvoker.invokeTestMethod(TestInvoker.java:221)
at org.testng.internal.invokers.MethodRunner.runInSequence(MethodRunner.java:50)
at org.testng.internal.invokers.TestInvoker$MethodInvocationAgent.invoke(TestInvoker.java:969)
at org.testng.internal.invokers.TestInvoker.invokeTestMethods(TestInvoker.java:194)
at org.testng.internal.invokers.TestMethodWorker.invokeTestMethods(TestMethodWorker.java:148)
at org.testng.internal.invokers.TestMethodWorker.run(TestMethodWorker.java:128)
at java.base/java.util.ArrayList.forEach(ArrayList.java:1511)
at org.testng.TestRunner.privateRun(TestRunner.java:829)
at org.testng.TestRunner.run(TestRunner.java:602)
at org.testng.SuiteRunner.runTest(SuiteRunner.java:437)
at org.testng.SuiteRunner.runSequentially(SuiteRunner.java:431)
at org.testng.SuiteRunner.privateRun(SuiteRunner.java:391)
at org.testng.SuiteRunner.run(SuiteRunner.java:330)
at org.testng.SuiteRunnerWorker.runSuite(SuiteRunnerWorker.java:52)
at org.testng.SuiteRunnerWorker.run(SuiteRunnerWorker.java:95)
at org.testng.TestNG.runSuitesSequentially(TestNG.java:1256)
at org.testng.TestNG.runSuitesLocally(TestNG.java:1176)
at org.testng.TestNG.runSuites(TestNG.java:1099)
at org.testng.TestNG.run(TestNG.java:1067)
at org.testng.remote.AbstractRemoteTestNG.run(AbstractRemoteTestNG.java:115)
at org.testng.remote.RemoteTestNG.initAndRun(RemoteTestNG.java:251)
at org.testng.remote.RemoteTestNG.main(RemoteTestNG.java:77)
]]>
            </full-stacktrace>
          </exception> <!-- java.lang.AssertionError -->
          <reporter-output>
          </reporter-output>
        </test-method> <!-- verifyZoomDropdown -->
        <test-method is-config="true" signature="teardown()[pri:0, instance:tests.ToolBarTest@7ce026d3]" started-at="2024-05-23T18:54:44 IST" name="teardown" finished-at="2024-05-23T18:54:44 IST" duration-ms="93" status="PASS">
          <reporter-output>
          </reporter-output>
        </test-method> <!-- teardown -->
        <test-method is-config="true" signature="tearEnd()[pri:0, instance:tests.ToolBarTest@7ce026d3]" started-at="2024-05-23T18:54:44 IST" name="tearEnd" finished-at="2024-05-23T18:54:44 IST" duration-ms="61" status="PASS">
          <reporter-output>
          </reporter-output>
        </test-method> <!-- tearEnd -->
      </class> <!-- tests.ToolBarTest -->
    </test> <!-- Toolbar -->
    <test started-at="2024-05-23T18:54:44 IST" name="DatePicker" finished-at="2024-05-23T18:54:58 IST" duration-ms="13859">
      <class name="tests.DatepickerTest">
        <test-method is-config="true" signature="beforeTest()[pri:0, instance:tests.DatepickerTest@221a3fa4]" started-at="2024-05-23T18:54:44 IST" name="beforeTest" finished-at="2024-05-23T18:54:44 IST" duration-ms="1" status="PASS">
          <reporter-output>
          </reporter-output>
        </test-method> <!-- beforeTest -->
        <test-method is-config="true" signature="startUp(java.lang.String)[pri:0, instance:tests.DatepickerTest@221a3fa4]" started-at="2024-05-23T18:54:44 IST" name="startUp" finished-at="2024-05-23T18:54:49 IST" duration-ms="4706" status="PASS">
          <params>
            <param index="0">
              <value>
                <![CDATA[demo-site/datepicker/]]>
              </value>
            </param>
          </params>
          <reporter-output>
          </reporter-output>
        </test-method> <!-- startUp -->
        <test-method signature="testdatepicker()[pri:0, instance:tests.DatepickerTest@221a3fa4]" started-at="2024-05-23T18:54:49 IST" name="testdatepicker" description="test to pick date from datepicker" finished-at="2024-05-23T18:54:58 IST" duration-ms="8949" status="PASS">
          <reporter-output>
          </reporter-output>
        </test-method> <!-- testdatepicker -->
        <test-method is-config="true" signature="teardown()[pri:0, instance:tests.DatepickerTest@221a3fa4]" started-at="2024-05-23T18:54:58 IST" name="teardown" finished-at="2024-05-23T18:54:58 IST" duration-ms="151" status="PASS">
          <reporter-output>
          </reporter-output>
        </test-method> <!-- teardown -->
        <test-method is-config="true" signature="tearEnd()[pri:0, instance:tests.DatepickerTest@221a3fa4]" started-at="2024-05-23T18:54:58 IST" name="tearEnd" finished-at="2024-05-23T18:54:58 IST" duration-ms="46" status="PASS">
          <reporter-output>
          </reporter-output>
        </test-method> <!-- tearEnd -->
      </class> <!-- tests.DatepickerTest -->
    </test> <!-- DatePicker -->
    <test started-at="2024-05-23T18:54:58 IST" name="DragAndDrop" finished-at="2024-05-23T18:55:22 IST" duration-ms="23938">
      <class name="tests.DragAndDropTest">
        <test-method is-config="true" signature="beforeTest()[pri:0, instance:tests.DragAndDropTest@59402b8f]" started-at="2024-05-23T18:54:58 IST" name="beforeTest" finished-at="2024-05-23T18:54:58 IST" duration-ms="1" status="PASS">
          <reporter-output>
          </reporter-output>
        </test-method> <!-- beforeTest -->
        <test-method is-config="true" signature="startUp(java.lang.String)[pri:0, instance:tests.DragAndDropTest@59402b8f]" started-at="2024-05-23T18:54:58 IST" name="startUp" finished-at="2024-05-23T18:55:03 IST" duration-ms="5611" status="PASS">
          <params>
            <param index="0">
              <value>
                <![CDATA[demo-site/draganddrop/]]>
              </value>
            </param>
          </params>
          <reporter-output>
          </reporter-output>
        </test-method> <!-- startUp -->
        <test-method signature="testForSecondtoDragAndDrop()[pri:0, instance:tests.DragAndDropTest@59402b8f]" started-at="2024-05-23T18:55:03 IST" name="testForSecondtoDragAndDrop" description="to verify drag and drop on Second image " finished-at="2024-05-23T18:55:04 IST" duration-ms="586" status="PASS">
          <reporter-output>
          </reporter-output>
        </test-method> <!-- testForSecondtoDragAndDrop -->
        <test-method is-config="true" signature="teardown()[pri:0, instance:tests.DragAndDropTest@59402b8f]" started-at="2024-05-23T18:55:04 IST" name="teardown" finished-at="2024-05-23T18:55:04 IST" duration-ms="150" status="PASS">
          <reporter-output>
          </reporter-output>
        </test-method> <!-- teardown -->
        <test-method is-config="true" signature="startUp(java.lang.String)[pri:0, instance:tests.DragAndDropTest@59402b8f]" started-at="2024-05-23T18:55:04 IST" name="startUp" finished-at="2024-05-23T18:55:10 IST" duration-ms="5344" status="PASS">
          <params>
            <param index="0">
              <value>
                <![CDATA[demo-site/draganddrop/]]>
              </value>
            </param>
          </params>
          <reporter-output>
          </reporter-output>
        </test-method> <!-- startUp -->
        <test-method signature="testForThirdtoDragAndDrop()[pri:0, instance:tests.DragAndDropTest@59402b8f]" started-at="2024-05-23T18:55:10 IST" name="testForThirdtoDragAndDrop" description="to verify drag and drop on Third image " finished-at="2024-05-23T18:55:10 IST" duration-ms="563" status="PASS">
          <reporter-output>
          </reporter-output>
        </test-method> <!-- testForThirdtoDragAndDrop -->
        <test-method is-config="true" signature="teardown()[pri:0, instance:tests.DragAndDropTest@59402b8f]" started-at="2024-05-23T18:55:10 IST" name="teardown" finished-at="2024-05-23T18:55:10 IST" duration-ms="111" status="PASS">
          <reporter-output>
          </reporter-output>
        </test-method> <!-- teardown -->
        <test-method is-config="true" signature="startUp(java.lang.String)[pri:0, instance:tests.DragAndDropTest@59402b8f]" started-at="2024-05-23T18:55:10 IST" name="startUp" finished-at="2024-05-23T18:55:15 IST" duration-ms="5189" status="PASS">
          <params>
            <param index="0">
              <value>
                <![CDATA[demo-site/draganddrop/]]>
              </value>
            </param>
          </params>
          <reporter-output>
          </reporter-output>
        </test-method> <!-- startUp -->
        <test-method signature="testForfirsttoDragAndDrop()[pri:0, instance:tests.DragAndDropTest@59402b8f]" started-at="2024-05-23T18:55:15 IST" name="testForfirsttoDragAndDrop" description="to verify drag and drop on first image " finished-at="2024-05-23T18:55:16 IST" duration-ms="523" status="PASS">
          <reporter-output>
          </reporter-output>
        </test-method> <!-- testForfirsttoDragAndDrop -->
        <test-method is-config="true" signature="teardown()[pri:0, instance:tests.DragAndDropTest@59402b8f]" started-at="2024-05-23T18:55:16 IST" name="teardown" finished-at="2024-05-23T18:55:16 IST" duration-ms="102" status="PASS">
          <reporter-output>
          </reporter-output>
        </test-method> <!-- teardown -->
        <test-method is-config="true" signature="startUp(java.lang.String)[pri:0, instance:tests.DragAndDropTest@59402b8f]" started-at="2024-05-23T18:55:16 IST" name="startUp" finished-at="2024-05-23T18:55:21 IST" duration-ms="5042" status="PASS">
          <params>
            <param index="0">
              <value>
                <![CDATA[demo-site/draganddrop/]]>
              </value>
            </param>
          </params>
          <reporter-output>
          </reporter-output>
        </test-method> <!-- startUp -->
        <test-method signature="testForforthtoDragAndDrop()[pri:0, instance:tests.DragAndDropTest@59402b8f]" started-at="2024-05-23T18:55:21 IST" name="testForforthtoDragAndDrop" description="to verify drag and drop on first image " finished-at="2024-05-23T18:55:22 IST" duration-ms="539" status="PASS">
          <reporter-output>
          </reporter-output>
        </test-method> <!-- testForforthtoDragAndDrop -->
        <test-method is-config="true" signature="teardown()[pri:0, instance:tests.DragAndDropTest@59402b8f]" started-at="2024-05-23T18:55:22 IST" name="teardown" finished-at="2024-05-23T18:55:22 IST" duration-ms="105" status="PASS">
          <reporter-output>
          </reporter-output>
        </test-method> <!-- teardown -->
        <test-method is-config="true" signature="tearEnd()[pri:0, instance:tests.DragAndDropTest@59402b8f]" started-at="2024-05-23T18:55:22 IST" name="tearEnd" finished-at="2024-05-23T18:55:22 IST" duration-ms="60" status="PASS">
          <reporter-output>
          </reporter-output>
        </test-method> <!-- tearEnd -->
      </class> <!-- tests.DragAndDropTest -->
    </test> <!-- DragAndDrop -->
    <test started-at="2024-05-23T18:55:22 IST" name="SampleTest" finished-at="2024-05-23T18:56:08 IST" duration-ms="46297">
      <class name="tests.SampletestTest">
        <test-method is-config="true" signature="beforeTest()[pri:0, instance:tests.SampletestTest@792b749c]" started-at="2024-05-23T18:55:22 IST" name="beforeTest" finished-at="2024-05-23T18:55:22 IST" duration-ms="1" status="PASS">
          <reporter-output>
          </reporter-output>
        </test-method> <!-- beforeTest -->
        <test-method is-config="true" signature="startUp(java.lang.String)[pri:0, instance:tests.SampletestTest@792b749c]" started-at="2024-05-23T18:55:22 IST" name="startUp" finished-at="2024-05-23T18:55:25 IST" duration-ms="3331" status="PASS">
          <params>
            <param index="0">
              <value>
                <![CDATA[samplepagetest/]]>
              </value>
            </param>
          </params>
          <reporter-output>
          </reporter-output>
        </test-method> <!-- startUp -->
        <test-method signature="toEnterDetails()[pri:0, instance:tests.SampletestTest@792b749c]" started-at="2024-05-23T18:55:25 IST" name="toEnterDetails" description="to verify the input functionality of Name , Email and Website" finished-at="2024-05-23T18:55:26 IST" duration-ms="372" status="PASS">
          <reporter-output>
          </reporter-output>
        </test-method> <!-- toEnterDetails -->
        <test-method is-config="true" signature="teardown()[pri:0, instance:tests.SampletestTest@792b749c]" started-at="2024-05-23T18:55:26 IST" name="teardown" finished-at="2024-05-23T18:55:26 IST" duration-ms="100" status="PASS">
          <reporter-output>
          </reporter-output>
        </test-method> <!-- teardown -->
        <test-method is-config="true" signature="startUp(java.lang.String)[pri:0, instance:tests.SampletestTest@792b749c]" started-at="2024-05-23T18:55:26 IST" name="startUp" finished-at="2024-05-23T18:55:31 IST" duration-ms="5336" status="PASS">
          <params>
            <param index="0">
              <value>
                <![CDATA[samplepagetest/]]>
              </value>
            </param>
          </params>
          <reporter-output>
          </reporter-output>
        </test-method> <!-- startUp -->
        <test-method signature="toVerifyAlert()[pri:0, instance:tests.SampletestTest@792b749c]" started-at="2024-05-23T18:55:31 IST" name="toVerifyAlert" description="to verify Alert" finished-at="2024-05-23T18:55:31 IST" duration-ms="346" status="PASS">
          <reporter-output>
          </reporter-output>
        </test-method> <!-- toVerifyAlert -->
        <test-method is-config="true" signature="teardown()[pri:0, instance:tests.SampletestTest@792b749c]" started-at="2024-05-23T18:55:31 IST" name="teardown" finished-at="2024-05-23T18:55:31 IST" duration-ms="202" status="PASS">
          <reporter-output>
          </reporter-output>
        </test-method> <!-- teardown -->
        <test-method is-config="true" signature="startUp(java.lang.String)[pri:0, instance:tests.SampletestTest@792b749c]" started-at="2024-05-23T18:55:31 IST" name="startUp" finished-at="2024-05-23T18:55:36 IST" duration-ms="4243" status="PASS">
          <params>
            <param index="0">
              <value>
                <![CDATA[samplepagetest/]]>
              </value>
            </param>
          </params>
          <reporter-output>
          </reporter-output>
        </test-method> <!-- startUp -->
        <test-method signature="toVerifyAll()[pri:0, instance:tests.SampletestTest@792b749c]" started-at="2024-05-23T18:55:36 IST" name="toVerifyAll" description="to verify the whole form" finished-at="2024-05-23T18:55:37 IST" duration-ms="1394" status="PASS">
          <reporter-output>
          </reporter-output>
        </test-method> <!-- toVerifyAll -->
        <test-method is-config="true" signature="teardown()[pri:0, instance:tests.SampletestTest@792b749c]" started-at="2024-05-23T18:55:37 IST" name="teardown" finished-at="2024-05-23T18:55:37 IST" duration-ms="89" status="PASS">
          <reporter-output>
          </reporter-output>
        </test-method> <!-- teardown -->
        <test-method is-config="true" signature="startUp(java.lang.String)[pri:0, instance:tests.SampletestTest@792b749c]" started-at="2024-05-23T18:55:37 IST" name="startUp" finished-at="2024-05-23T18:55:42 IST" duration-ms="4399" status="PASS">
          <params>
            <param index="0">
              <value>
                <![CDATA[samplepagetest/]]>
              </value>
            </param>
          </params>
          <reporter-output>
          </reporter-output>
        </test-method> <!-- startUp -->
        <test-method signature="toVerifyAutomationCheckbox()[pri:0, instance:tests.SampletestTest@792b749c]" started-at="2024-05-23T18:55:42 IST" name="toVerifyAutomationCheckbox" description="to verify the Automation Checkbox functionality" finished-at="2024-05-23T18:55:42 IST" duration-ms="120" status="PASS">
          <reporter-output>
          </reporter-output>
        </test-method> <!-- toVerifyAutomationCheckbox -->
        <test-method is-config="true" signature="teardown()[pri:0, instance:tests.SampletestTest@792b749c]" started-at="2024-05-23T18:55:42 IST" name="teardown" finished-at="2024-05-23T18:55:42 IST" duration-ms="90" status="PASS">
          <reporter-output>
          </reporter-output>
        </test-method> <!-- teardown -->
        <test-method is-config="true" signature="startUp(java.lang.String)[pri:0, instance:tests.SampletestTest@792b749c]" started-at="2024-05-23T18:55:42 IST" name="startUp" finished-at="2024-05-23T18:55:46 IST" duration-ms="4261" status="PASS">
          <params>
            <param index="0">
              <value>
                <![CDATA[samplepagetest/]]>
              </value>
            </param>
          </params>
          <reporter-output>
          </reporter-output>
        </test-method> <!-- startUp -->
        <test-method signature="toVerifyComment()[pri:0, instance:tests.SampletestTest@792b749c]" started-at="2024-05-23T18:55:46 IST" name="toVerifyComment" description="to verify comment Accepts Text" finished-at="2024-05-23T18:55:46 IST" duration-ms="343" status="PASS">
          <reporter-output>
          </reporter-output>
        </test-method> <!-- toVerifyComment -->
        <test-method is-config="true" signature="teardown()[pri:0, instance:tests.SampletestTest@792b749c]" started-at="2024-05-23T18:55:46 IST" name="teardown" finished-at="2024-05-23T18:55:47 IST" duration-ms="98" status="PASS">
          <reporter-output>
          </reporter-output>
        </test-method> <!-- teardown -->
        <test-method is-config="true" signature="startUp(java.lang.String)[pri:0, instance:tests.SampletestTest@792b749c]" started-at="2024-05-23T18:55:47 IST" name="startUp" finished-at="2024-05-23T18:55:51 IST" duration-ms="4030" status="PASS">
          <params>
            <param index="0">
              <value>
                <![CDATA[samplepagetest/]]>
              </value>
            </param>
          </params>
          <reporter-output>
          </reporter-output>
        </test-method> <!-- startUp -->
        <test-method signature="toVerifyEducation()[pri:0, instance:tests.SampletestTest@792b749c]" started-at="2024-05-23T18:55:51 IST" name="toVerifyEducation" description="to verify Education Radio button" finished-at="2024-05-23T18:55:51 IST" duration-ms="109" status="PASS">
          <reporter-output>
          </reporter-output>
        </test-method> <!-- toVerifyEducation -->
        <test-method is-config="true" signature="teardown()[pri:0, instance:tests.SampletestTest@792b749c]" started-at="2024-05-23T18:55:51 IST" name="teardown" finished-at="2024-05-23T18:55:51 IST" duration-ms="116" status="PASS">
          <reporter-output>
          </reporter-output>
        </test-method> <!-- teardown -->
        <test-method is-config="true" signature="startUp(java.lang.String)[pri:0, instance:tests.SampletestTest@792b749c]" started-at="2024-05-23T18:55:51 IST" name="startUp" finished-at="2024-05-23T18:55:54 IST" duration-ms="3555" status="PASS">
          <params>
            <param index="0">
              <value>
                <![CDATA[samplepagetest/]]>
              </value>
            </param>
          </params>
          <reporter-output>
          </reporter-output>
        </test-method> <!-- startUp -->
        <test-method signature="toVerifyExperienceDropdown()[pri:0, instance:tests.SampletestTest@792b749c]" started-at="2024-05-23T18:55:54 IST" name="toVerifyExperienceDropdown" description="to verify the Experience Dropdown functionality" finished-at="2024-05-23T18:55:55 IST" duration-ms="303" status="PASS">
          <reporter-output>
          </reporter-output>
        </test-method> <!-- toVerifyExperienceDropdown -->
        <test-method is-config="true" signature="teardown()[pri:0, instance:tests.SampletestTest@792b749c]" started-at="2024-05-23T18:55:55 IST" name="teardown" finished-at="2024-05-23T18:55:55 IST" duration-ms="129" status="PASS">
          <reporter-output>
          </reporter-output>
        </test-method> <!-- teardown -->
        <test-method is-config="true" signature="startUp(java.lang.String)[pri:0, instance:tests.SampletestTest@792b749c]" started-at="2024-05-23T18:55:55 IST" name="startUp" finished-at="2024-05-23T18:55:59 IST" duration-ms="3963" status="PASS">
          <params>
            <param index="0">
              <value>
                <![CDATA[samplepagetest/]]>
              </value>
            </param>
          </params>
          <reporter-output>
          </reporter-output>
        </test-method> <!-- startUp -->
        <test-method signature="toVerifyFunctionalCheckbox()[pri:0, instance:tests.SampletestTest@792b749c]" started-at="2024-05-23T18:55:59 IST" name="toVerifyFunctionalCheckbox" description="to verify the Functional Checkbox functionality" finished-at="2024-05-23T18:55:59 IST" duration-ms="114" status="PASS">
          <reporter-output>
          </reporter-output>
        </test-method> <!-- toVerifyFunctionalCheckbox -->
        <test-method is-config="true" signature="teardown()[pri:0, instance:tests.SampletestTest@792b749c]" started-at="2024-05-23T18:55:59 IST" name="teardown" finished-at="2024-05-23T18:55:59 IST" duration-ms="112" status="PASS">
          <reporter-output>
          </reporter-output>
        </test-method> <!-- teardown -->
        <test-method is-config="true" signature="startUp(java.lang.String)[pri:0, instance:tests.SampletestTest@792b749c]" started-at="2024-05-23T18:55:59 IST" name="startUp" finished-at="2024-05-23T18:56:03 IST" duration-ms="3990" status="PASS">
          <params>
            <param index="0">
              <value>
                <![CDATA[samplepagetest/]]>
              </value>
            </param>
          </params>
          <reporter-output>
          </reporter-output>
        </test-method> <!-- startUp -->
        <test-method signature="toVerifyManualCheckbox()[pri:0, instance:tests.SampletestTest@792b749c]" started-at="2024-05-23T18:56:03 IST" name="toVerifyManualCheckbox" description="to verify the Manual Checkbox functionality" finished-at="2024-05-23T18:56:03 IST" duration-ms="103" status="PASS">
          <reporter-output>
          </reporter-output>
        </test-method> <!-- toVerifyManualCheckbox -->
        <test-method is-config="true" signature="teardown()[pri:0, instance:tests.SampletestTest@792b749c]" started-at="2024-05-23T18:56:03 IST" name="teardown" finished-at="2024-05-23T18:56:03 IST" duration-ms="94" status="PASS">
          <reporter-output>
          </reporter-output>
        </test-method> <!-- teardown -->
        <test-method is-config="true" signature="startUp(java.lang.String)[pri:0, instance:tests.SampletestTest@792b749c]" started-at="2024-05-23T18:56:03 IST" name="startUp" finished-at="2024-05-23T18:56:08 IST" duration-ms="4454" status="PASS">
          <params>
            <param index="0">
              <value>
                <![CDATA[samplepagetest/]]>
              </value>
            </param>
          </params>
          <reporter-output>
          </reporter-output>
        </test-method> <!-- startUp -->
        <test-method signature="toVerifymultipleCheckboxA1()[pri:0, instance:tests.SampletestTest@792b749c]" started-at="2024-05-23T18:56:08 IST" name="toVerifymultipleCheckboxA1" description="to verify the multiple Selection of Checkboxes Approach1" finished-at="2024-05-23T18:56:08 IST" duration-ms="340" status="PASS">
          <reporter-output>
          </reporter-output>
        </test-method> <!-- toVerifymultipleCheckboxA1 -->
        <test-method is-config="true" signature="teardown()[pri:0, instance:tests.SampletestTest@792b749c]" started-at="2024-05-23T18:56:08 IST" name="teardown" finished-at="2024-05-23T18:56:08 IST" duration-ms="88" status="PASS">
          <reporter-output>
          </reporter-output>
        </test-method> <!-- teardown -->
        <test-method is-config="true" signature="tearEnd()[pri:0, instance:tests.SampletestTest@792b749c]" started-at="2024-05-23T18:56:08 IST" name="tearEnd" finished-at="2024-05-23T18:56:08 IST" duration-ms="57" status="PASS">
          <reporter-output>
          </reporter-output>
        </test-method> <!-- tearEnd -->
      </class> <!-- tests.SampletestTest -->
    </test> <!-- SampleTest -->
  </suite> <!-- Suite -->
</testng-results>
