<?xml version="1.0" encoding="UTF-8"?>
<testng-results ignored="0" total="23" passed="22" failed="1" skipped="0">
  <reporter-output>
  </reporter-output>
  <suite started-at="2024-05-23T16:59:39 IST" name="Suite" finished-at="2024-05-23T17:02:52 IST" duration-ms="192915">
    <groups>
    </groups>
    <test started-at="2024-05-23T16:59:39 IST" name="DialogBox" finished-at="2024-05-23T17:00:03 IST" duration-ms="24834">
      <class name="tests.DialogBoxTest">
        <test-method is-config="true" signature="beforeTest()[pri:0, instance:tests.DialogBoxTest@26d9b808]" started-at="2024-05-23T16:59:39 IST" name="beforeTest" finished-at="2024-05-23T16:59:39 IST" duration-ms="537" status="PASS">
          <reporter-output>
          </reporter-output>
        </test-method> <!-- beforeTest -->
        <test-method is-config="true" signature="startUp(java.lang.String)[pri:0, instance:tests.DialogBoxTest@26d9b808]" started-at="2024-05-23T16:59:39 IST" name="startUp" finished-at="2024-05-23T16:59:52 IST" duration-ms="12753" status="PASS">
          <params>
            <param index="0">
              <value>
                <![CDATA[demo-site/dialog-boxes/]]>
              </value>
            </param>
          </params>
          <reporter-output>
          </reporter-output>
        </test-method> <!-- startUp -->
        <test-method signature="ToEnterdialogBox()[pri:0, instance:tests.DialogBoxTest@26d9b808]" started-at="2024-05-23T16:59:52 IST" name="ToEnterdialogBox" description="test to verify modal dialog box" finished-at="2024-05-23T17:00:03 IST" duration-ms="10925" status="PASS">
          <reporter-output>
          </reporter-output>
        </test-method> <!-- ToEnterdialogBox -->
        <test-method is-config="true" signature="teardown()[pri:0, instance:tests.DialogBoxTest@26d9b808]" started-at="2024-05-23T17:00:03 IST" name="teardown" finished-at="2024-05-23T17:00:03 IST" duration-ms="117" status="PASS">
          <reporter-output>
          </reporter-output>
        </test-method> <!-- teardown -->
        <test-method is-config="true" signature="tearEnd()[pri:0, instance:tests.DialogBoxTest@26d9b808]" started-at="2024-05-23T17:00:03 IST" name="tearEnd" finished-at="2024-05-23T17:00:03 IST" duration-ms="426" status="PASS">
          <reporter-output>
          </reporter-output>
        </test-method> <!-- tearEnd -->
      </class> <!-- tests.DialogBoxTest -->
    </test> <!-- DialogBox -->
    <test started-at="2024-05-23T17:00:04 IST" name="Dropdown" finished-at="2024-05-23T17:00:11 IST" duration-ms="7559">
      <class name="tests.DropDownTest">
        <test-method is-config="true" signature="beforeTest()[pri:0, instance:tests.DropDownTest@4b29d1d2]" started-at="2024-05-23T17:00:04 IST" name="beforeTest" finished-at="2024-05-23T17:00:04 IST" duration-ms="1" status="PASS">
          <reporter-output>
          </reporter-output>
        </test-method> <!-- beforeTest -->
        <test-method is-config="true" signature="startUp(java.lang.String)[pri:0, instance:tests.DropDownTest@4b29d1d2]" started-at="2024-05-23T17:00:04 IST" name="startUp" finished-at="2024-05-23T17:00:08 IST" duration-ms="4176" status="PASS">
          <params>
            <param index="0">
              <value>
                <![CDATA[demo-site/select-dropdown-menu/]]>
              </value>
            </param>
          </params>
          <reporter-output>
          </reporter-output>
        </test-method> <!-- startUp -->
        <test-method signature="testForDropDowselection()[pri:0, instance:tests.DropDownTest@4b29d1d2]" started-at="2024-05-23T17:00:08 IST" name="testForDropDowselection" description="Test for Validation of DropDown" finished-at="2024-05-23T17:00:11 IST" duration-ms="3170" status="PASS">
          <reporter-output>
          </reporter-output>
        </test-method> <!-- testForDropDowselection -->
        <test-method is-config="true" signature="teardown()[pri:0, instance:tests.DropDownTest@4b29d1d2]" started-at="2024-05-23T17:00:11 IST" name="teardown" finished-at="2024-05-23T17:00:11 IST" duration-ms="112" status="PASS">
          <reporter-output>
          </reporter-output>
        </test-method> <!-- teardown -->
        <test-method is-config="true" signature="tearEnd()[pri:0, instance:tests.DropDownTest@4b29d1d2]" started-at="2024-05-23T17:00:11 IST" name="tearEnd" finished-at="2024-05-23T17:00:11 IST" duration-ms="95" status="PASS">
          <reporter-output>
          </reporter-output>
        </test-method> <!-- tearEnd -->
      </class> <!-- tests.DropDownTest -->
    </test> <!-- Dropdown -->
    <test started-at="2024-05-23T17:00:11 IST" name="ProgressBar" finished-at="2024-05-23T17:00:28 IST" duration-ms="16536">
      <class name="tests.ProgressBarTest">
        <test-method is-config="true" signature="beforeTest()[pri:0, instance:tests.ProgressBarTest@35dab4eb]" started-at="2024-05-23T17:00:11 IST" name="beforeTest" finished-at="2024-05-23T17:00:11 IST" duration-ms="1" status="PASS">
          <reporter-output>
          </reporter-output>
        </test-method> <!-- beforeTest -->
        <test-method is-config="true" signature="startUp(java.lang.String)[pri:0, instance:tests.ProgressBarTest@35dab4eb]" started-at="2024-05-23T17:00:11 IST" name="startUp" finished-at="2024-05-23T17:00:17 IST" duration-ms="5921" status="PASS">
          <params>
            <param index="0">
              <value>
                <![CDATA[demo-site/progress-bar/]]>
              </value>
            </param>
          </params>
          <reporter-output>
          </reporter-output>
        </test-method> <!-- startUp -->
        <test-method signature="testForProgressBarButton()[pri:0, instance:tests.ProgressBarTest@35dab4eb]" started-at="2024-05-23T17:00:17 IST" name="testForProgressBarButton" description="test to verify ProgressBar Start Download Button working" finished-at="2024-05-23T17:00:27 IST" duration-ms="10401" status="PASS">
          <reporter-output>
          </reporter-output>
        </test-method> <!-- testForProgressBarButton -->
        <test-method is-config="true" signature="teardown()[pri:0, instance:tests.ProgressBarTest@35dab4eb]" started-at="2024-05-23T17:00:27 IST" name="teardown" finished-at="2024-05-23T17:00:28 IST" duration-ms="123" status="PASS">
          <reporter-output>
          </reporter-output>
        </test-method> <!-- teardown -->
        <test-method is-config="true" signature="tearEnd()[pri:0, instance:tests.ProgressBarTest@35dab4eb]" started-at="2024-05-23T17:00:28 IST" name="tearEnd" finished-at="2024-05-23T17:00:28 IST" duration-ms="85" status="PASS">
          <reporter-output>
          </reporter-output>
        </test-method> <!-- tearEnd -->
      </class> <!-- tests.ProgressBarTest -->
    </test> <!-- ProgressBar -->
    <test started-at="2024-05-23T17:00:28 IST" name="Sliders" finished-at="2024-05-23T17:00:36 IST" duration-ms="8065">
      <class name="tests.SliderTest">
        <test-method is-config="true" signature="beforeTest()[pri:0, instance:tests.SliderTest@72035809]" started-at="2024-05-23T17:00:28 IST" name="beforeTest" finished-at="2024-05-23T17:00:28 IST" duration-ms="1" status="PASS">
          <reporter-output>
          </reporter-output>
        </test-method> <!-- beforeTest -->
        <test-method is-config="true" signature="startUp(java.lang.String)[pri:0, instance:tests.SliderTest@72035809]" started-at="2024-05-23T17:00:28 IST" name="startUp" finished-at="2024-05-23T17:00:33 IST" duration-ms="5697" status="PASS">
          <params>
            <param index="0">
              <value>
                <![CDATA[demo-site/sliders/]]>
              </value>
            </param>
          </params>
          <reporter-output>
          </reporter-output>
        </test-method> <!-- startUp -->
        <test-method signature="VerifyingSlidersAreWorking()[pri:0, instance:tests.SliderTest@72035809]" started-at="2024-05-23T17:00:33 IST" name="VerifyingSlidersAreWorking" description="Verifying Sliders Are Working" finished-at="2024-05-23T17:00:36 IST" duration-ms="2176" status="PASS">
          <reporter-output>
          </reporter-output>
        </test-method> <!-- VerifyingSlidersAreWorking -->
        <test-method is-config="true" signature="teardown()[pri:0, instance:tests.SliderTest@72035809]" started-at="2024-05-23T17:00:36 IST" name="teardown" finished-at="2024-05-23T17:00:36 IST" duration-ms="111" status="PASS">
          <reporter-output>
          </reporter-output>
        </test-method> <!-- teardown -->
        <test-method is-config="true" signature="tearEnd()[pri:0, instance:tests.SliderTest@72035809]" started-at="2024-05-23T17:00:36 IST" name="tearEnd" finished-at="2024-05-23T17:00:36 IST" duration-ms="72" status="PASS">
          <reporter-output>
          </reporter-output>
        </test-method> <!-- tearEnd -->
      </class> <!-- tests.SliderTest -->
    </test> <!-- Sliders -->
    <test started-at="2024-05-23T17:00:36 IST" name="Frames_Windows" finished-at="2024-05-23T17:00:45 IST" duration-ms="8919">
      <class name="tests.TabsAndWindowsTest">
        <test-method is-config="true" signature="beforeTest()[pri:0, instance:tests.TabsAndWindowsTest@7a35b0f5]" started-at="2024-05-23T17:00:36 IST" name="beforeTest" finished-at="2024-05-23T17:00:36 IST" duration-ms="2" status="PASS">
          <reporter-output>
          </reporter-output>
        </test-method> <!-- beforeTest -->
        <test-method is-config="true" signature="startUp(java.lang.String)[pri:0, instance:tests.TabsAndWindowsTest@7a35b0f5]" started-at="2024-05-23T17:00:36 IST" name="startUp" finished-at="2024-05-23T17:00:41 IST" duration-ms="5261" status="PASS">
          <params>
            <param index="0">
              <value>
                <![CDATA[demo-site/frames-and-windows/]]>
              </value>
            </param>
          </params>
          <reporter-output>
          </reporter-output>
        </test-method> <!-- startUp -->
        <test-method signature="testToSwitchToOtherTab()[pri:0, instance:tests.TabsAndWindowsTest@7a35b0f5]" started-at="2024-05-23T17:00:41 IST" name="testToSwitchToOtherTab" description="Test To Verify That After Clicking Button It Changes the Tab" finished-at="2024-05-23T17:00:44 IST" duration-ms="3469" status="PASS">
          <reporter-output>
          </reporter-output>
        </test-method> <!-- testToSwitchToOtherTab -->
        <test-method is-config="true" signature="teardown()[pri:0, instance:tests.TabsAndWindowsTest@7a35b0f5]" started-at="2024-05-23T17:00:44 IST" name="teardown" finished-at="2024-05-23T17:00:45 IST" duration-ms="116" status="PASS">
          <reporter-output>
          </reporter-output>
        </test-method> <!-- teardown -->
        <test-method is-config="true" signature="tearEnd()[pri:0, instance:tests.TabsAndWindowsTest@7a35b0f5]" started-at="2024-05-23T17:00:45 IST" name="tearEnd" finished-at="2024-05-23T17:00:45 IST" duration-ms="70" status="PASS">
          <reporter-output>
          </reporter-output>
        </test-method> <!-- tearEnd -->
      </class> <!-- tests.TabsAndWindowsTest -->
    </test> <!-- Frames_Windows -->
    <test started-at="2024-05-23T17:00:45 IST" name="Tooltip" finished-at="2024-05-23T17:00:54 IST" duration-ms="9593">
      <class name="tests.ToolTipTest">
        <test-method is-config="true" signature="beforeTest()[pri:0, instance:tests.ToolTipTest@413d1baf]" started-at="2024-05-23T17:00:45 IST" name="beforeTest" finished-at="2024-05-23T17:00:45 IST" duration-ms="1" status="PASS">
          <reporter-output>
          </reporter-output>
        </test-method> <!-- beforeTest -->
        <test-method is-config="true" signature="startUp(java.lang.String)[pri:0, instance:tests.ToolTipTest@413d1baf]" started-at="2024-05-23T17:00:45 IST" name="startUp" finished-at="2024-05-23T17:00:52 IST" duration-ms="6917" status="PASS">
          <params>
            <param index="0">
              <value>
                <![CDATA[demo-site/tooltip/]]>
              </value>
            </param>
          </params>
          <reporter-output>
          </reporter-output>
        </test-method> <!-- startUp -->
        <test-method signature="testToVerifyTooltipFunctionality()[pri:0, instance:tests.ToolTipTest@413d1baf]" started-at="2024-05-23T17:00:52 IST" name="testToVerifyTooltipFunctionality" description="test to verify whether the tooltip works fine" finished-at="2024-05-23T17:00:54 IST" duration-ms="2511" status="PASS">
          <reporter-output>
          </reporter-output>
        </test-method> <!-- testToVerifyTooltipFunctionality -->
        <test-method is-config="true" signature="teardown()[pri:0, instance:tests.ToolTipTest@413d1baf]" started-at="2024-05-23T17:00:54 IST" name="teardown" finished-at="2024-05-23T17:00:54 IST" duration-ms="106" status="PASS">
          <reporter-output>
          </reporter-output>
        </test-method> <!-- teardown -->
        <test-method is-config="true" signature="tearEnd()[pri:0, instance:tests.ToolTipTest@413d1baf]" started-at="2024-05-23T17:00:54 IST" name="tearEnd" finished-at="2024-05-23T17:00:54 IST" duration-ms="55" status="PASS">
          <reporter-output>
          </reporter-output>
        </test-method> <!-- tearEnd -->
      </class> <!-- tests.ToolTipTest -->
    </test> <!-- Tooltip -->
    <test started-at="2024-05-23T17:00:54 IST" name="MultipleElements" finished-at="2024-05-23T17:01:10 IST" duration-ms="15340">
      <class name="tests.SelectElementsTest">
        <test-method is-config="true" signature="beforeTest()[pri:0, instance:tests.SelectElementsTest@48bb62]" started-at="2024-05-23T17:00:54 IST" name="beforeTest" finished-at="2024-05-23T17:00:54 IST" duration-ms="1" status="PASS">
          <reporter-output>
          </reporter-output>
        </test-method> <!-- beforeTest -->
        <test-method is-config="true" signature="startUp(java.lang.String)[pri:0, instance:tests.SelectElementsTest@48bb62]" started-at="2024-05-23T17:00:54 IST" name="startUp" finished-at="2024-05-23T17:00:59 IST" duration-ms="4786" status="PASS">
          <params>
            <param index="0">
              <value>
                <![CDATA[demo-site/select-elements/]]>
              </value>
            </param>
          </params>
          <reporter-output>
          </reporter-output>
        </test-method> <!-- startUp -->
        <test-method signature="toVerifyMultipleSelect()[pri:0, instance:tests.SelectElementsTest@48bb62]" started-at="2024-05-23T17:00:59 IST" name="toVerifyMultipleSelect" description=" To Verify that it can select Multiple Element " finished-at="2024-05-23T17:01:09 IST" duration-ms="10385" status="FAIL">
          <exception class="org.openqa.selenium.interactions.MoveTargetOutOfBoundsException">
            <message>
              <![CDATA[move target out of bounds
  (Session info: chrome-headless-shell=124.0.6367.210)
Build info: version: '4.18.1', revision: 'b1d3319b48'
System info: os.name: 'Windows 10', os.arch: 'amd64', os.version: '10.0', java.version: '17.0.10'
Driver info: org.openqa.selenium.chrome.ChromeDriver
Command: [fbecf400ae8dd097381e53477731ff42, actions {actions=[org.openqa.selenium.interactions.Sequence@640d604, org.openqa.selenium.interactions.Sequence@62cbc478]}]
Capabilities {acceptInsecureCerts: false, browserName: chrome-headless-shell, browserVersion: 124.0.6367.210, chrome: {chromedriverVersion: 124.0.6367.207 (a9001a6e39f..., userDataDir: C:\Users\TESTRIG\AppData\Lo...}, fedcm:accounts: true, goog:chromeOptions: {debuggerAddress: localhost:57348}, networkConnectionEnabled: false, pageLoadStrategy: normal, platformName: windows, proxy: Proxy(), se:cdp: ws://localhost:57348/devtoo..., se:cdpVersion: 124.0.6367.210, setWindowRect: true, strictFileInteractability: false, timeouts: {implicit: 0, pageLoad: 300000, script: 30000}, unhandledPromptBehavior: dismiss and notify, webauthn:extension:credBlob: true, webauthn:extension:largeBlob: true, webauthn:extension:minPinLength: true, webauthn:extension:prf: true, webauthn:virtualAuthenticators: true}
Session ID: fbecf400ae8dd097381e53477731ff42]]>
            </message>
            <full-stacktrace>
              <![CDATA[org.openqa.selenium.interactions.MoveTargetOutOfBoundsException: move target out of bounds
  (Session info: chrome-headless-shell=124.0.6367.210)
Build info: version: '4.18.1', revision: 'b1d3319b48'
System info: os.name: 'Windows 10', os.arch: 'amd64', os.version: '10.0', java.version: '17.0.10'
Driver info: org.openqa.selenium.chrome.ChromeDriver
Command: [fbecf400ae8dd097381e53477731ff42, actions {actions=[org.openqa.selenium.interactions.Sequence@640d604, org.openqa.selenium.interactions.Sequence@62cbc478]}]
Capabilities {acceptInsecureCerts: false, browserName: chrome-headless-shell, browserVersion: 124.0.6367.210, chrome: {chromedriverVersion: 124.0.6367.207 (a9001a6e39f..., userDataDir: C:\Users\TESTRIG\AppData\Lo...}, fedcm:accounts: true, goog:chromeOptions: {debuggerAddress: localhost:57348}, networkConnectionEnabled: false, pageLoadStrategy: normal, platformName: windows, proxy: Proxy(), se:cdp: ws://localhost:57348/devtoo..., se:cdpVersion: 124.0.6367.210, setWindowRect: true, strictFileInteractability: false, timeouts: {implicit: 0, pageLoad: 300000, script: 30000}, unhandledPromptBehavior: dismiss and notify, webauthn:extension:credBlob: true, webauthn:extension:largeBlob: true, webauthn:extension:minPinLength: true, webauthn:extension:prf: true, webauthn:virtualAuthenticators: true}
Session ID: fbecf400ae8dd097381e53477731ff42
at java.base/jdk.internal.reflect.NativeConstructorAccessorImpl.newInstance0(Native Method)
at java.base/jdk.internal.reflect.NativeConstructorAccessorImpl.newInstance(NativeConstructorAccessorImpl.java:77)
at java.base/jdk.internal.reflect.DelegatingConstructorAccessorImpl.newInstance(DelegatingConstructorAccessorImpl.java:45)
at java.base/java.lang.reflect.Constructor.newInstanceWithCaller(Constructor.java:499)
at java.base/java.lang.reflect.Constructor.newInstance(Constructor.java:480)
at org.openqa.selenium.remote.ErrorCodec.decode(ErrorCodec.java:167)
at org.openqa.selenium.remote.codec.w3c.W3CHttpResponseCodec.decode(W3CHttpResponseCodec.java:138)
at org.openqa.selenium.remote.codec.w3c.W3CHttpResponseCodec.decode(W3CHttpResponseCodec.java:50)
at org.openqa.selenium.remote.HttpCommandExecutor.execute(HttpCommandExecutor.java:190)
at org.openqa.selenium.remote.service.DriverCommandExecutor.invokeExecute(DriverCommandExecutor.java:216)
at org.openqa.selenium.remote.service.DriverCommandExecutor.execute(DriverCommandExecutor.java:174)
at org.openqa.selenium.remote.RemoteWebDriver.execute(RemoteWebDriver.java:519)
at org.openqa.selenium.remote.RemoteWebDriver.perform(RemoteWebDriver.java:605)
at org.openqa.selenium.interactions.Actions$BuiltAction.perform(Actions.java:603)
at org.openqa.selenium.interactions.Actions.perform(Actions.java:568)
at pageEvent.SelectElements.toSelectMutiEelement(SelectElements.java:55)
at tests.SelectElementsTest.toVerifyMultipleSelect(SelectElementsTest.java:16)
at java.base/jdk.internal.reflect.NativeMethodAccessorImpl.invoke0(Native Method)
at java.base/jdk.internal.reflect.NativeMethodAccessorImpl.invoke(NativeMethodAccessorImpl.java:77)
at java.base/jdk.internal.reflect.DelegatingMethodAccessorImpl.invoke(DelegatingMethodAccessorImpl.java:43)
at java.base/java.lang.reflect.Method.invoke(Method.java:568)
at org.testng.internal.invokers.MethodInvocationHelper.invokeMethod(MethodInvocationHelper.java:139)
at org.testng.internal.invokers.TestInvoker.invokeMethod(TestInvoker.java:677)
at org.testng.internal.invokers.TestInvoker.invokeTestMethod(TestInvoker.java:221)
at org.testng.internal.invokers.MethodRunner.runInSequence(MethodRunner.java:50)
at org.testng.internal.invokers.TestInvoker$MethodInvocationAgent.invoke(TestInvoker.java:969)
at org.testng.internal.invokers.TestInvoker.invokeTestMethods(TestInvoker.java:194)
at org.testng.internal.invokers.TestMethodWorker.invokeTestMethods(TestMethodWorker.java:148)
at org.testng.internal.invokers.TestMethodWorker.run(TestMethodWorker.java:128)
at java.base/java.util.ArrayList.forEach(ArrayList.java:1511)
at org.testng.TestRunner.privateRun(TestRunner.java:829)
at org.testng.TestRunner.run(TestRunner.java:602)
at org.testng.SuiteRunner.runTest(SuiteRunner.java:437)
at org.testng.SuiteRunner.runSequentially(SuiteRunner.java:431)
at org.testng.SuiteRunner.privateRun(SuiteRunner.java:391)
at org.testng.SuiteRunner.run(SuiteRunner.java:330)
at org.testng.SuiteRunnerWorker.runSuite(SuiteRunnerWorker.java:52)
at org.testng.SuiteRunnerWorker.run(SuiteRunnerWorker.java:95)
at org.testng.TestNG.runSuitesSequentially(TestNG.java:1256)
at org.testng.TestNG.runSuitesLocally(TestNG.java:1176)
at org.testng.TestNG.runSuites(TestNG.java:1099)
at org.testng.TestNG.run(TestNG.java:1067)
at org.testng.remote.AbstractRemoteTestNG.run(AbstractRemoteTestNG.java:115)
at org.testng.remote.RemoteTestNG.initAndRun(RemoteTestNG.java:251)
at org.testng.remote.RemoteTestNG.main(RemoteTestNG.java:77)
]]>
            </full-stacktrace>
          </exception> <!-- org.openqa.selenium.interactions.MoveTargetOutOfBoundsException -->
          <reporter-output>
          </reporter-output>
        </test-method> <!-- toVerifyMultipleSelect -->
        <test-method is-config="true" signature="teardown()[pri:0, instance:tests.SelectElementsTest@48bb62]" started-at="2024-05-23T17:01:09 IST" name="teardown" finished-at="2024-05-23T17:01:10 IST" duration-ms="103" status="PASS">
          <reporter-output>
          </reporter-output>
        </test-method> <!-- teardown -->
        <test-method is-config="true" signature="tearEnd()[pri:0, instance:tests.SelectElementsTest@48bb62]" started-at="2024-05-23T17:01:10 IST" name="tearEnd" finished-at="2024-05-23T17:01:10 IST" duration-ms="56" status="PASS">
          <reporter-output>
          </reporter-output>
        </test-method> <!-- tearEnd -->
      </class> <!-- tests.SelectElementsTest -->
    </test> <!-- MultipleElements -->
    <test started-at="2024-05-23T17:01:10 IST" name="Spinner" finished-at="2024-05-23T17:01:18 IST" duration-ms="8350">
      <class name="tests.SpinnerTest">
        <test-method is-config="true" signature="beforeTest()[pri:0, instance:tests.SpinnerTest@14028087]" started-at="2024-05-23T17:01:10 IST" name="beforeTest" finished-at="2024-05-23T17:01:10 IST" duration-ms="1" status="PASS">
          <reporter-output>
          </reporter-output>
        </test-method> <!-- beforeTest -->
        <test-method is-config="true" signature="startUp(java.lang.String)[pri:0, instance:tests.SpinnerTest@14028087]" started-at="2024-05-23T17:01:10 IST" name="startUp" finished-at="2024-05-23T17:01:15 IST" duration-ms="5208" status="PASS">
          <params>
            <param index="0">
              <value>
                <![CDATA[demo-site/spinner/]]>
              </value>
            </param>
          </params>
          <reporter-output>
          </reporter-output>
        </test-method> <!-- startUp -->
        <test-method signature="ToVerifySpinner()[pri:0, instance:tests.SpinnerTest@14028087]" started-at="2024-05-23T17:01:15 IST" name="ToVerifySpinner" description="To verify wether Spinner works as expected" finished-at="2024-05-23T17:01:18 IST" duration-ms="3069" status="PASS">
          <reporter-output>
          </reporter-output>
        </test-method> <!-- ToVerifySpinner -->
        <test-method is-config="true" signature="teardown()[pri:0, instance:tests.SpinnerTest@14028087]" started-at="2024-05-23T17:01:18 IST" name="teardown" finished-at="2024-05-23T17:01:18 IST" duration-ms="1" status="PASS">
          <reporter-output>
          </reporter-output>
        </test-method> <!-- teardown -->
        <test-method is-config="true" signature="tearEnd()[pri:0, instance:tests.SpinnerTest@14028087]" started-at="2024-05-23T17:01:18 IST" name="tearEnd" finished-at="2024-05-23T17:01:18 IST" duration-ms="65" status="PASS">
          <reporter-output>
          </reporter-output>
        </test-method> <!-- tearEnd -->
      </class> <!-- tests.SpinnerTest -->
    </test> <!-- Spinner -->
    <test started-at="2024-05-23T17:01:18 IST" name="DatePicker" finished-at="2024-05-23T17:01:33 IST" duration-ms="15256">
      <class name="tests.DatepickerTest">
        <test-method is-config="true" signature="beforeTest()[pri:0, instance:tests.DatepickerTest@268f106e]" started-at="2024-05-23T17:01:18 IST" name="beforeTest" finished-at="2024-05-23T17:01:18 IST" duration-ms="2" status="PASS">
          <reporter-output>
          </reporter-output>
        </test-method> <!-- beforeTest -->
        <test-method is-config="true" signature="startUp(java.lang.String)[pri:0, instance:tests.DatepickerTest@268f106e]" started-at="2024-05-23T17:01:18 IST" name="startUp" finished-at="2024-05-23T17:01:24 IST" duration-ms="6137" status="PASS">
          <params>
            <param index="0">
              <value>
                <![CDATA[demo-site/datepicker/]]>
              </value>
            </param>
          </params>
          <reporter-output>
          </reporter-output>
        </test-method> <!-- startUp -->
        <test-method signature="testdatepicker()[pri:0, instance:tests.DatepickerTest@268f106e]" started-at="2024-05-23T17:01:24 IST" name="testdatepicker" description="test to pick date from datepicker" finished-at="2024-05-23T17:01:33 IST" duration-ms="8923" status="PASS">
          <reporter-output>
          </reporter-output>
        </test-method> <!-- testdatepicker -->
        <test-method is-config="true" signature="teardown()[pri:0, instance:tests.DatepickerTest@268f106e]" started-at="2024-05-23T17:01:33 IST" name="teardown" finished-at="2024-05-23T17:01:33 IST" duration-ms="137" status="PASS">
          <reporter-output>
          </reporter-output>
        </test-method> <!-- teardown -->
        <test-method is-config="true" signature="tearEnd()[pri:0, instance:tests.DatepickerTest@268f106e]" started-at="2024-05-23T17:01:33 IST" name="tearEnd" finished-at="2024-05-23T17:01:33 IST" duration-ms="50" status="PASS">
          <reporter-output>
          </reporter-output>
        </test-method> <!-- tearEnd -->
      </class> <!-- tests.DatepickerTest -->
    </test> <!-- DatePicker -->
    <test started-at="2024-05-23T17:01:33 IST" name="DragAndDrop" finished-at="2024-05-23T17:02:05 IST" duration-ms="31698">
      <class name="tests.DragAndDropTest">
        <test-method is-config="true" signature="beforeTest()[pri:0, instance:tests.DragAndDropTest@7d9d0818]" started-at="2024-05-23T17:01:33 IST" name="beforeTest" finished-at="2024-05-23T17:01:33 IST" duration-ms="1" status="PASS">
          <reporter-output>
          </reporter-output>
        </test-method> <!-- beforeTest -->
        <test-method is-config="true" signature="startUp(java.lang.String)[pri:0, instance:tests.DragAndDropTest@7d9d0818]" started-at="2024-05-23T17:01:33 IST" name="startUp" finished-at="2024-05-23T17:01:39 IST" duration-ms="5727" status="PASS">
          <params>
            <param index="0">
              <value>
                <![CDATA[demo-site/draganddrop/]]>
              </value>
            </param>
          </params>
          <reporter-output>
          </reporter-output>
        </test-method> <!-- startUp -->
        <test-method signature="testForSecondtoDragAndDrop()[pri:0, instance:tests.DragAndDropTest@7d9d0818]" started-at="2024-05-23T17:01:39 IST" name="testForSecondtoDragAndDrop" description="to verify drag and drop on Second image " finished-at="2024-05-23T17:01:39 IST" duration-ms="504" status="PASS">
          <reporter-output>
          </reporter-output>
        </test-method> <!-- testForSecondtoDragAndDrop -->
        <test-method is-config="true" signature="teardown()[pri:0, instance:tests.DragAndDropTest@7d9d0818]" started-at="2024-05-23T17:01:39 IST" name="teardown" finished-at="2024-05-23T17:01:40 IST" duration-ms="109" status="PASS">
          <reporter-output>
          </reporter-output>
        </test-method> <!-- teardown -->
        <test-method is-config="true" signature="startUp(java.lang.String)[pri:0, instance:tests.DragAndDropTest@7d9d0818]" started-at="2024-05-23T17:01:40 IST" name="startUp" finished-at="2024-05-23T17:01:44 IST" duration-ms="4075" status="PASS">
          <params>
            <param index="0">
              <value>
                <![CDATA[demo-site/draganddrop/]]>
              </value>
            </param>
          </params>
          <reporter-output>
          </reporter-output>
        </test-method> <!-- startUp -->
        <test-method signature="testForThirdtoDragAndDrop()[pri:0, instance:tests.DragAndDropTest@7d9d0818]" started-at="2024-05-23T17:01:44 IST" name="testForThirdtoDragAndDrop" description="to verify drag and drop on Third image " finished-at="2024-05-23T17:01:45 IST" duration-ms="1776" status="PASS">
          <reporter-output>
          </reporter-output>
        </test-method> <!-- testForThirdtoDragAndDrop -->
        <test-method is-config="true" signature="teardown()[pri:0, instance:tests.DragAndDropTest@7d9d0818]" started-at="2024-05-23T17:01:45 IST" name="teardown" finished-at="2024-05-23T17:01:46 IST" duration-ms="109" status="PASS">
          <reporter-output>
          </reporter-output>
        </test-method> <!-- teardown -->
        <test-method is-config="true" signature="startUp(java.lang.String)[pri:0, instance:tests.DragAndDropTest@7d9d0818]" started-at="2024-05-23T17:01:46 IST" name="startUp" finished-at="2024-05-23T17:01:51 IST" duration-ms="5239" status="PASS">
          <params>
            <param index="0">
              <value>
                <![CDATA[demo-site/draganddrop/]]>
              </value>
            </param>
          </params>
          <reporter-output>
          </reporter-output>
        </test-method> <!-- startUp -->
        <test-method signature="testForfirsttoDragAndDrop()[pri:0, instance:tests.DragAndDropTest@7d9d0818]" started-at="2024-05-23T17:01:51 IST" name="testForfirsttoDragAndDrop" description="to verify drag and drop on first image " finished-at="2024-05-23T17:01:51 IST" duration-ms="576" status="PASS">
          <reporter-output>
          </reporter-output>
        </test-method> <!-- testForfirsttoDragAndDrop -->
        <test-method is-config="true" signature="teardown()[pri:0, instance:tests.DragAndDropTest@7d9d0818]" started-at="2024-05-23T17:01:51 IST" name="teardown" finished-at="2024-05-23T17:01:52 IST" duration-ms="145" status="PASS">
          <reporter-output>
          </reporter-output>
        </test-method> <!-- teardown -->
        <test-method is-config="true" signature="startUp(java.lang.String)[pri:0, instance:tests.DragAndDropTest@7d9d0818]" started-at="2024-05-23T17:01:52 IST" name="startUp" finished-at="2024-05-23T17:02:04 IST" duration-ms="12749" status="PASS">
          <params>
            <param index="0">
              <value>
                <![CDATA[demo-site/draganddrop/]]>
              </value>
            </param>
          </params>
          <reporter-output>
          </reporter-output>
        </test-method> <!-- startUp -->
        <test-method signature="testForforthtoDragAndDrop()[pri:0, instance:tests.DragAndDropTest@7d9d0818]" started-at="2024-05-23T17:02:04 IST" name="testForforthtoDragAndDrop" description="to verify drag and drop on first image " finished-at="2024-05-23T17:02:05 IST" duration-ms="506" status="PASS">
          <reporter-output>
          </reporter-output>
        </test-method> <!-- testForforthtoDragAndDrop -->
        <test-method is-config="true" signature="teardown()[pri:0, instance:tests.DragAndDropTest@7d9d0818]" started-at="2024-05-23T17:02:05 IST" name="teardown" finished-at="2024-05-23T17:02:05 IST" duration-ms="107" status="PASS">
          <reporter-output>
          </reporter-output>
        </test-method> <!-- teardown -->
        <test-method is-config="true" signature="tearEnd()[pri:0, instance:tests.DragAndDropTest@7d9d0818]" started-at="2024-05-23T17:02:05 IST" name="tearEnd" finished-at="2024-05-23T17:02:05 IST" duration-ms="51" status="PASS">
          <reporter-output>
          </reporter-output>
        </test-method> <!-- tearEnd -->
      </class> <!-- tests.DragAndDropTest -->
    </test> <!-- DragAndDrop -->
    <test started-at="2024-05-23T17:02:05 IST" name="SampleTest" finished-at="2024-05-23T17:02:52 IST" duration-ms="46633">
      <class name="tests.SampletestTest">
        <test-method is-config="true" signature="beforeTest()[pri:0, instance:tests.SampletestTest@609e8838]" started-at="2024-05-23T17:02:05 IST" name="beforeTest" finished-at="2024-05-23T17:02:05 IST" duration-ms="1" status="PASS">
          <reporter-output>
          </reporter-output>
        </test-method> <!-- beforeTest -->
        <test-method is-config="true" signature="startUp(java.lang.String)[pri:0, instance:tests.SampletestTest@609e8838]" started-at="2024-05-23T17:02:05 IST" name="startUp" finished-at="2024-05-23T17:02:09 IST" duration-ms="4409" status="PASS">
          <params>
            <param index="0">
              <value>
                <![CDATA[samplepagetest/]]>
              </value>
            </param>
          </params>
          <reporter-output>
          </reporter-output>
        </test-method> <!-- startUp -->
        <test-method signature="toEnterDetails()[pri:0, instance:tests.SampletestTest@609e8838]" started-at="2024-05-23T17:02:09 IST" name="toEnterDetails" description="to verify the input functionality of Name , Email and Website" finished-at="2024-05-23T17:02:10 IST" duration-ms="333" status="PASS">
          <reporter-output>
          </reporter-output>
        </test-method> <!-- toEnterDetails -->
        <test-method is-config="true" signature="teardown()[pri:0, instance:tests.SampletestTest@609e8838]" started-at="2024-05-23T17:02:10 IST" name="teardown" finished-at="2024-05-23T17:02:10 IST" duration-ms="89" status="PASS">
          <reporter-output>
          </reporter-output>
        </test-method> <!-- teardown -->
        <test-method is-config="true" signature="startUp(java.lang.String)[pri:0, instance:tests.SampletestTest@609e8838]" started-at="2024-05-23T17:02:10 IST" name="startUp" finished-at="2024-05-23T17:02:15 IST" duration-ms="5617" status="PASS">
          <params>
            <param index="0">
              <value>
                <![CDATA[samplepagetest/]]>
              </value>
            </param>
          </params>
          <reporter-output>
          </reporter-output>
        </test-method> <!-- startUp -->
        <test-method signature="toVerifyAlert()[pri:0, instance:tests.SampletestTest@609e8838]" started-at="2024-05-23T17:02:15 IST" name="toVerifyAlert" description="to verify Alert" finished-at="2024-05-23T17:02:16 IST" duration-ms="134" status="PASS">
          <reporter-output>
          </reporter-output>
        </test-method> <!-- toVerifyAlert -->
        <test-method is-config="true" signature="teardown()[pri:0, instance:tests.SampletestTest@609e8838]" started-at="2024-05-23T17:02:16 IST" name="teardown" finished-at="2024-05-23T17:02:16 IST" duration-ms="124" status="PASS">
          <reporter-output>
          </reporter-output>
        </test-method> <!-- teardown -->
        <test-method is-config="true" signature="startUp(java.lang.String)[pri:0, instance:tests.SampletestTest@609e8838]" started-at="2024-05-23T17:02:16 IST" name="startUp" finished-at="2024-05-23T17:02:19 IST" duration-ms="3850" status="PASS">
          <params>
            <param index="0">
              <value>
                <![CDATA[samplepagetest/]]>
              </value>
            </param>
          </params>
          <reporter-output>
          </reporter-output>
        </test-method> <!-- startUp -->
        <test-method signature="toVerifyAll()[pri:0, instance:tests.SampletestTest@609e8838]" started-at="2024-05-23T17:02:19 IST" name="toVerifyAll" description="to verify the whole form" finished-at="2024-05-23T17:02:21 IST" duration-ms="1308" status="PASS">
          <reporter-output>
          </reporter-output>
        </test-method> <!-- toVerifyAll -->
        <test-method is-config="true" signature="teardown()[pri:0, instance:tests.SampletestTest@609e8838]" started-at="2024-05-23T17:02:21 IST" name="teardown" finished-at="2024-05-23T17:02:21 IST" duration-ms="94" status="PASS">
          <reporter-output>
          </reporter-output>
        </test-method> <!-- teardown -->
        <test-method is-config="true" signature="startUp(java.lang.String)[pri:0, instance:tests.SampletestTest@609e8838]" started-at="2024-05-23T17:02:21 IST" name="startUp" finished-at="2024-05-23T17:02:25 IST" duration-ms="4175" status="PASS">
          <params>
            <param index="0">
              <value>
                <![CDATA[samplepagetest/]]>
              </value>
            </param>
          </params>
          <reporter-output>
          </reporter-output>
        </test-method> <!-- startUp -->
        <test-method signature="toVerifyAutomationCheckbox()[pri:0, instance:tests.SampletestTest@609e8838]" started-at="2024-05-23T17:02:25 IST" name="toVerifyAutomationCheckbox" description="to verify the Automation Checkbox functionality" finished-at="2024-05-23T17:02:25 IST" duration-ms="102" status="PASS">
          <reporter-output>
          </reporter-output>
        </test-method> <!-- toVerifyAutomationCheckbox -->
        <test-method is-config="true" signature="teardown()[pri:0, instance:tests.SampletestTest@609e8838]" started-at="2024-05-23T17:02:25 IST" name="teardown" finished-at="2024-05-23T17:02:25 IST" duration-ms="110" status="PASS">
          <reporter-output>
          </reporter-output>
        </test-method> <!-- teardown -->
        <test-method is-config="true" signature="startUp(java.lang.String)[pri:0, instance:tests.SampletestTest@609e8838]" started-at="2024-05-23T17:02:25 IST" name="startUp" finished-at="2024-05-23T17:02:29 IST" duration-ms="3855" status="PASS">
          <params>
            <param index="0">
              <value>
                <![CDATA[samplepagetest/]]>
              </value>
            </param>
          </params>
          <reporter-output>
          </reporter-output>
        </test-method> <!-- startUp -->
        <test-method signature="toVerifyComment()[pri:0, instance:tests.SampletestTest@609e8838]" started-at="2024-05-23T17:02:29 IST" name="toVerifyComment" description="to verify comment Accepts Text" finished-at="2024-05-23T17:02:29 IST" duration-ms="354" status="PASS">
          <reporter-output>
          </reporter-output>
        </test-method> <!-- toVerifyComment -->
        <test-method is-config="true" signature="teardown()[pri:0, instance:tests.SampletestTest@609e8838]" started-at="2024-05-23T17:02:30 IST" name="teardown" finished-at="2024-05-23T17:02:30 IST" duration-ms="90" status="PASS">
          <reporter-output>
          </reporter-output>
        </test-method> <!-- teardown -->
        <test-method is-config="true" signature="startUp(java.lang.String)[pri:0, instance:tests.SampletestTest@609e8838]" started-at="2024-05-23T17:02:30 IST" name="startUp" finished-at="2024-05-23T17:02:34 IST" duration-ms="4555" status="PASS">
          <params>
            <param index="0">
              <value>
                <![CDATA[samplepagetest/]]>
              </value>
            </param>
          </params>
          <reporter-output>
          </reporter-output>
        </test-method> <!-- startUp -->
        <test-method signature="toVerifyEducation()[pri:0, instance:tests.SampletestTest@609e8838]" started-at="2024-05-23T17:02:34 IST" name="toVerifyEducation" description="to verify Education Radio button" finished-at="2024-05-23T17:02:34 IST" duration-ms="107" status="PASS">
          <reporter-output>
          </reporter-output>
        </test-method> <!-- toVerifyEducation -->
        <test-method is-config="true" signature="teardown()[pri:0, instance:tests.SampletestTest@609e8838]" started-at="2024-05-23T17:02:34 IST" name="teardown" finished-at="2024-05-23T17:02:34 IST" duration-ms="104" status="PASS">
          <reporter-output>
          </reporter-output>
        </test-method> <!-- teardown -->
        <test-method is-config="true" signature="startUp(java.lang.String)[pri:0, instance:tests.SampletestTest@609e8838]" started-at="2024-05-23T17:02:34 IST" name="startUp" finished-at="2024-05-23T17:02:38 IST" duration-ms="3689" status="PASS">
          <params>
            <param index="0">
              <value>
                <![CDATA[samplepagetest/]]>
              </value>
            </param>
          </params>
          <reporter-output>
          </reporter-output>
        </test-method> <!-- startUp -->
        <test-method signature="toVerifyExperienceDropdown()[pri:0, instance:tests.SampletestTest@609e8838]" started-at="2024-05-23T17:02:38 IST" name="toVerifyExperienceDropdown" description="to verify the Experience Dropdown functionality" finished-at="2024-05-23T17:02:38 IST" duration-ms="397" status="PASS">
          <reporter-output>
          </reporter-output>
        </test-method> <!-- toVerifyExperienceDropdown -->
        <test-method is-config="true" signature="teardown()[pri:0, instance:tests.SampletestTest@609e8838]" started-at="2024-05-23T17:02:38 IST" name="teardown" finished-at="2024-05-23T17:02:39 IST" duration-ms="161" status="PASS">
          <reporter-output>
          </reporter-output>
        </test-method> <!-- teardown -->
        <test-method is-config="true" signature="startUp(java.lang.String)[pri:0, instance:tests.SampletestTest@609e8838]" started-at="2024-05-23T17:02:39 IST" name="startUp" finished-at="2024-05-23T17:02:42 IST" duration-ms="3750" status="PASS">
          <params>
            <param index="0">
              <value>
                <![CDATA[samplepagetest/]]>
              </value>
            </param>
          </params>
          <reporter-output>
          </reporter-output>
        </test-method> <!-- startUp -->
        <test-method signature="toVerifyFunctionalCheckbox()[pri:0, instance:tests.SampletestTest@609e8838]" started-at="2024-05-23T17:02:42 IST" name="toVerifyFunctionalCheckbox" description="to verify the Functional Checkbox functionality" finished-at="2024-05-23T17:02:42 IST" duration-ms="104" status="PASS">
          <reporter-output>
          </reporter-output>
        </test-method> <!-- toVerifyFunctionalCheckbox -->
        <test-method is-config="true" signature="teardown()[pri:0, instance:tests.SampletestTest@609e8838]" started-at="2024-05-23T17:02:42 IST" name="teardown" finished-at="2024-05-23T17:02:43 IST" duration-ms="97" status="PASS">
          <reporter-output>
          </reporter-output>
        </test-method> <!-- teardown -->
        <test-method is-config="true" signature="startUp(java.lang.String)[pri:0, instance:tests.SampletestTest@609e8838]" started-at="2024-05-23T17:02:43 IST" name="startUp" finished-at="2024-05-23T17:02:47 IST" duration-ms="4003" status="PASS">
          <params>
            <param index="0">
              <value>
                <![CDATA[samplepagetest/]]>
              </value>
            </param>
          </params>
          <reporter-output>
          </reporter-output>
        </test-method> <!-- startUp -->
        <test-method signature="toVerifyManualCheckbox()[pri:0, instance:tests.SampletestTest@609e8838]" started-at="2024-05-23T17:02:47 IST" name="toVerifyManualCheckbox" description="to verify the Manual Checkbox functionality" finished-at="2024-05-23T17:02:47 IST" duration-ms="151" status="PASS">
          <reporter-output>
          </reporter-output>
        </test-method> <!-- toVerifyManualCheckbox -->
        <test-method is-config="true" signature="teardown()[pri:0, instance:tests.SampletestTest@609e8838]" started-at="2024-05-23T17:02:47 IST" name="teardown" finished-at="2024-05-23T17:02:47 IST" duration-ms="157" status="PASS">
          <reporter-output>
          </reporter-output>
        </test-method> <!-- teardown -->
        <test-method is-config="true" signature="startUp(java.lang.String)[pri:0, instance:tests.SampletestTest@609e8838]" started-at="2024-05-23T17:02:47 IST" name="startUp" finished-at="2024-05-23T17:02:51 IST" duration-ms="4137" status="PASS">
          <params>
            <param index="0">
              <value>
                <![CDATA[samplepagetest/]]>
              </value>
            </param>
          </params>
          <reporter-output>
          </reporter-output>
        </test-method> <!-- startUp -->
        <test-method signature="toVerifymultipleCheckboxA1()[pri:0, instance:tests.SampletestTest@609e8838]" started-at="2024-05-23T17:02:51 IST" name="toVerifymultipleCheckboxA1" description="to verify the multiple Selection of Checkboxes Approach1" finished-at="2024-05-23T17:02:51 IST" duration-ms="390" status="PASS">
          <reporter-output>
          </reporter-output>
        </test-method> <!-- toVerifymultipleCheckboxA1 -->
        <test-method is-config="true" signature="teardown()[pri:0, instance:tests.SampletestTest@609e8838]" started-at="2024-05-23T17:02:51 IST" name="teardown" finished-at="2024-05-23T17:02:52 IST" duration-ms="103" status="PASS">
          <reporter-output>
          </reporter-output>
        </test-method> <!-- teardown -->
        <test-method is-config="true" signature="tearEnd()[pri:0, instance:tests.SampletestTest@609e8838]" started-at="2024-05-23T17:02:52 IST" name="tearEnd" finished-at="2024-05-23T17:02:52 IST" duration-ms="56" status="PASS">
          <reporter-output>
          </reporter-output>
        </test-method> <!-- tearEnd -->
      </class> <!-- tests.SampletestTest -->
    </test> <!-- SampleTest -->
  </suite> <!-- Suite -->
</testng-results>
