<?xml version="1.0" encoding="UTF-8"?>
<testng-results ignored="0" total="11" passed="7" failed="4" skipped="0">
  <reporter-output>
  </reporter-output>
  <suite started-at="2024-05-16T15:20:40 IST" name="Suite" finished-at="2024-05-16T15:22:53 IST" duration-ms="133284">
    <groups>
    </groups>
    <test started-at="2024-05-16T15:20:40 IST" name="DialogBox" finished-at="2024-05-16T15:20:53 IST" duration-ms="12925">
      <class name="tests.DialogBoxTest">
        <test-method is-config="true" signature="beforeTest()[pri:0, instance:tests.DialogBoxTest@298a5e20]" started-at="2024-05-16T15:20:40 IST" name="beforeTest" finished-at="2024-05-16T15:20:41 IST" duration-ms="971" status="PASS">
          <reporter-output>
          </reporter-output>
        </test-method> <!-- beforeTest -->
        <test-method is-config="true" signature="startUp(java.lang.String)[pri:0, instance:tests.DialogBoxTest@298a5e20]" started-at="2024-05-16T15:20:41 IST" name="startUp" finished-at="2024-05-16T15:20:51 IST" duration-ms="10696" status="PASS">
          <params>
            <param index="0">
              <value>
                <![CDATA[dialog-boxes/]]>
              </value>
            </param>
          </params>
          <reporter-output>
          </reporter-output>
        </test-method> <!-- startUp -->
        <test-method signature="ToEnterdialogBox()[pri:0, instance:tests.DialogBoxTest@298a5e20]" started-at="2024-05-16T15:20:51 IST" name="ToEnterdialogBox" description="test to verify modal dialog box" finished-at="2024-05-16T15:20:52 IST" duration-ms="252" status="FAIL">
          <exception class="org.openqa.selenium.JavascriptException">
            <message>
              <![CDATA[javascript error: {"status":32,"value":"An invalid or illegal selector was specified"}
  (Session info: chrome-headless-shell=124.0.6367.208)
Build info: version: '4.18.1', revision: 'b1d3319b48'
System info: os.name: 'Windows 10', os.arch: 'amd64', os.version: '10.0', java.version: '17.0.10'
Driver info: org.openqa.selenium.chrome.ChromeDriver
Command: [62905acb4f94efea3390d4b3b2366f05, findElement {value=//*[@id="create-user"], using=css selector}]
Capabilities {acceptInsecureCerts: false, browserName: chrome-headless-shell, browserVersion: 124.0.6367.208, chrome: {chromedriverVersion: 124.0.6367.207 (a9001a6e39f..., userDataDir: C:\Users\TESTRIG\AppData\Lo...}, fedcm:accounts: true, goog:chromeOptions: {debuggerAddress: localhost:52510}, networkConnectionEnabled: false, pageLoadStrategy: normal, platformName: windows, proxy: Proxy(), se:cdp: ws://localhost:52510/devtoo..., se:cdpVersion: 124.0.6367.208, setWindowRect: true, strictFileInteractability: false, timeouts: {implicit: 0, pageLoad: 300000, script: 30000}, unhandledPromptBehavior: dismiss and notify, webauthn:extension:credBlob: true, webauthn:extension:largeBlob: true, webauthn:extension:minPinLength: true, webauthn:extension:prf: true, webauthn:virtualAuthenticators: true}
Session ID: 62905acb4f94efea3390d4b3b2366f05]]>
            </message>
            <full-stacktrace>
              <![CDATA[org.openqa.selenium.JavascriptException: javascript error: {"status":32,"value":"An invalid or illegal selector was specified"}
  (Session info: chrome-headless-shell=124.0.6367.208)
Build info: version: '4.18.1', revision: 'b1d3319b48'
System info: os.name: 'Windows 10', os.arch: 'amd64', os.version: '10.0', java.version: '17.0.10'
Driver info: org.openqa.selenium.chrome.ChromeDriver
Command: [62905acb4f94efea3390d4b3b2366f05, findElement {value=//*[@id="create-user"], using=css selector}]
Capabilities {acceptInsecureCerts: false, browserName: chrome-headless-shell, browserVersion: 124.0.6367.208, chrome: {chromedriverVersion: 124.0.6367.207 (a9001a6e39f..., userDataDir: C:\Users\TESTRIG\AppData\Lo...}, fedcm:accounts: true, goog:chromeOptions: {debuggerAddress: localhost:52510}, networkConnectionEnabled: false, pageLoadStrategy: normal, platformName: windows, proxy: Proxy(), se:cdp: ws://localhost:52510/devtoo..., se:cdpVersion: 124.0.6367.208, setWindowRect: true, strictFileInteractability: false, timeouts: {implicit: 0, pageLoad: 300000, script: 30000}, unhandledPromptBehavior: dismiss and notify, webauthn:extension:credBlob: true, webauthn:extension:largeBlob: true, webauthn:extension:minPinLength: true, webauthn:extension:prf: true, webauthn:virtualAuthenticators: true}
Session ID: 62905acb4f94efea3390d4b3b2366f05
at java.base/jdk.internal.reflect.NativeConstructorAccessorImpl.newInstance0(Native Method)
at java.base/jdk.internal.reflect.NativeConstructorAccessorImpl.newInstance(NativeConstructorAccessorImpl.java:77)
at java.base/jdk.internal.reflect.DelegatingConstructorAccessorImpl.newInstance(DelegatingConstructorAccessorImpl.java:45)
at java.base/java.lang.reflect.Constructor.newInstanceWithCaller(Constructor.java:499)
at java.base/java.lang.reflect.Constructor.newInstance(Constructor.java:480)
at org.openqa.selenium.remote.ErrorCodec.decode(ErrorCodec.java:167)
at org.openqa.selenium.remote.codec.w3c.W3CHttpResponseCodec.decode(W3CHttpResponseCodec.java:138)
at org.openqa.selenium.remote.codec.w3c.W3CHttpResponseCodec.decode(W3CHttpResponseCodec.java:50)
at org.openqa.selenium.remote.HttpCommandExecutor.execute(HttpCommandExecutor.java:190)
at org.openqa.selenium.remote.service.DriverCommandExecutor.invokeExecute(DriverCommandExecutor.java:216)
at org.openqa.selenium.remote.service.DriverCommandExecutor.execute(DriverCommandExecutor.java:174)
at org.openqa.selenium.remote.RemoteWebDriver.execute(RemoteWebDriver.java:519)
at org.openqa.selenium.remote.ElementLocation$ElementFinder$2.findElement(ElementLocation.java:165)
at org.openqa.selenium.remote.ElementLocation.findElement(ElementLocation.java:59)
at org.openqa.selenium.remote.RemoteWebDriver.findElement(RemoteWebDriver.java:356)
at org.openqa.selenium.remote.RemoteWebDriver.findElement(RemoteWebDriver.java:350)
at org.openqa.selenium.support.pagefactory.DefaultElementLocator.findElement(DefaultElementLocator.java:68)
at org.openqa.selenium.support.pagefactory.internal.LocatingElementHandler.invoke(LocatingElementHandler.java:38)
at jdk.proxy2/jdk.proxy2.$Proxy18.click(Unknown Source)
at pageEvent.DialogBox.enterIntoDialogBox(DialogBox.java:53)
at tests.DialogBoxTest.ToEnterdialogBox(DialogBoxTest.java:17)
at java.base/jdk.internal.reflect.NativeMethodAccessorImpl.invoke0(Native Method)
at java.base/jdk.internal.reflect.NativeMethodAccessorImpl.invoke(NativeMethodAccessorImpl.java:77)
at java.base/jdk.internal.reflect.DelegatingMethodAccessorImpl.invoke(DelegatingMethodAccessorImpl.java:43)
at java.base/java.lang.reflect.Method.invoke(Method.java:568)
at org.testng.internal.invokers.MethodInvocationHelper.invokeMethod(MethodInvocationHelper.java:139)
at org.testng.internal.invokers.TestInvoker.invokeMethod(TestInvoker.java:677)
at org.testng.internal.invokers.TestInvoker.invokeTestMethod(TestInvoker.java:221)
at org.testng.internal.invokers.MethodRunner.runInSequence(MethodRunner.java:50)
at org.testng.internal.invokers.TestInvoker$MethodInvocationAgent.invoke(TestInvoker.java:969)
at org.testng.internal.invokers.TestInvoker.invokeTestMethods(TestInvoker.java:194)
at org.testng.internal.invokers.TestMethodWorker.invokeTestMethods(TestMethodWorker.java:148)
at org.testng.internal.invokers.TestMethodWorker.run(TestMethodWorker.java:128)
at java.base/java.util.ArrayList.forEach(ArrayList.java:1511)
at org.testng.TestRunner.privateRun(TestRunner.java:829)
at org.testng.TestRunner.run(TestRunner.java:602)
at org.testng.SuiteRunner.runTest(SuiteRunner.java:437)
at org.testng.SuiteRunner.runSequentially(SuiteRunner.java:431)
at org.testng.SuiteRunner.privateRun(SuiteRunner.java:391)
at org.testng.SuiteRunner.run(SuiteRunner.java:330)
at org.testng.SuiteRunnerWorker.runSuite(SuiteRunnerWorker.java:52)
at org.testng.SuiteRunnerWorker.run(SuiteRunnerWorker.java:95)
at org.testng.TestNG.runSuitesSequentially(TestNG.java:1256)
at org.testng.TestNG.runSuitesLocally(TestNG.java:1176)
at org.testng.TestNG.runSuites(TestNG.java:1099)
at org.testng.TestNG.run(TestNG.java:1067)
at org.testng.remote.AbstractRemoteTestNG.run(AbstractRemoteTestNG.java:115)
at org.testng.remote.RemoteTestNG.initAndRun(RemoteTestNG.java:251)
at org.testng.remote.RemoteTestNG.main(RemoteTestNG.java:77)
]]>
            </full-stacktrace>
          </exception> <!-- org.openqa.selenium.JavascriptException -->
          <reporter-output>
          </reporter-output>
        </test-method> <!-- ToEnterdialogBox -->
        <test-method is-config="true" signature="teardown()[pri:0, instance:tests.DialogBoxTest@298a5e20]" started-at="2024-05-16T15:20:52 IST" name="teardown" finished-at="2024-05-16T15:20:52 IST" duration-ms="288" status="PASS">
          <reporter-output>
          </reporter-output>
        </test-method> <!-- teardown -->
        <test-method is-config="true" signature="tearEnd()[pri:0, instance:tests.DialogBoxTest@298a5e20]" started-at="2024-05-16T15:20:52 IST" name="tearEnd" finished-at="2024-05-16T15:20:53 IST" duration-ms="633" status="PASS">
          <reporter-output>
          </reporter-output>
        </test-method> <!-- tearEnd -->
      </class> <!-- tests.DialogBoxTest -->
    </test> <!-- DialogBox -->
    <test started-at="2024-05-16T15:20:53 IST" name="Accordions" finished-at="2024-05-16T15:21:28 IST" duration-ms="35872">
      <class name="tests.AccordionTests">
        <test-method is-config="true" signature="beforeTest()[pri:0, instance:tests.AccordionTests@4c60d6e9]" started-at="2024-05-16T15:20:53 IST" name="beforeTest" finished-at="2024-05-16T15:20:53 IST" duration-ms="2" status="PASS">
          <reporter-output>
          </reporter-output>
        </test-method> <!-- beforeTest -->
        <test-method is-config="true" signature="startUp(java.lang.String)[pri:0, instance:tests.AccordionTests@4c60d6e9]" started-at="2024-05-16T15:20:53 IST" name="startUp" finished-at="2024-05-16T15:20:58 IST" duration-ms="5297" status="PASS">
          <params>
            <param index="0">
              <value>
                <![CDATA[accordion-and-tabs/]]>
              </value>
            </param>
          </params>
          <reporter-output>
          </reporter-output>
        </test-method> <!-- startUp -->
        <test-method signature="verifyThatAccordionsAreWorking()[pri:0, instance:tests.AccordionTests@4c60d6e9]" started-at="2024-05-16T15:20:58 IST" name="verifyThatAccordionsAreWorking" description="To verify That Accordions Are Working" finished-at="2024-05-16T15:21:28 IST" duration-ms="30338" status="FAIL">
          <exception class="org.openqa.selenium.TimeoutException">
            <message>
              <![CDATA[Expected condition failed: waiting for visibility of Proxy element for: DefaultElementLocator 'By.cssSelector: .demo-frame.lazyloaded' (tried for 10 second(s) with 500 milliseconds interval)]]>
            </message>
            <full-stacktrace>
              <![CDATA[org.openqa.selenium.TimeoutException: Expected condition failed: waiting for visibility of Proxy element for: DefaultElementLocator 'By.cssSelector: .demo-frame.lazyloaded' (tried for 10 second(s) with 500 milliseconds interval)
at org.openqa.selenium.support.ui.WebDriverWait.timeoutException(WebDriverWait.java:84)
at org.openqa.selenium.support.ui.FluentWait.until(FluentWait.java:228)
at pageEvent.AccordionsAndTabs.switchToAframe(AccordionsAndTabs.java:40)
at pageEvent.AccordionsAndTabs.accordionsIsWorking(AccordionsAndTabs.java:46)
at tests.AccordionTests.verifyThatAccordionsAreWorking(AccordionTests.java:18)
at java.base/jdk.internal.reflect.NativeMethodAccessorImpl.invoke0(Native Method)
at java.base/jdk.internal.reflect.NativeMethodAccessorImpl.invoke(NativeMethodAccessorImpl.java:77)
at java.base/jdk.internal.reflect.DelegatingMethodAccessorImpl.invoke(DelegatingMethodAccessorImpl.java:43)
at java.base/java.lang.reflect.Method.invoke(Method.java:568)
at org.testng.internal.invokers.MethodInvocationHelper.invokeMethod(MethodInvocationHelper.java:139)
at org.testng.internal.invokers.TestInvoker.invokeMethod(TestInvoker.java:677)
at org.testng.internal.invokers.TestInvoker.invokeTestMethod(TestInvoker.java:221)
at org.testng.internal.invokers.MethodRunner.runInSequence(MethodRunner.java:50)
at org.testng.internal.invokers.TestInvoker$MethodInvocationAgent.invoke(TestInvoker.java:969)
at org.testng.internal.invokers.TestInvoker.invokeTestMethods(TestInvoker.java:194)
at org.testng.internal.invokers.TestMethodWorker.invokeTestMethods(TestMethodWorker.java:148)
at org.testng.internal.invokers.TestMethodWorker.run(TestMethodWorker.java:128)
at java.base/java.util.ArrayList.forEach(ArrayList.java:1511)
at org.testng.TestRunner.privateRun(TestRunner.java:829)
at org.testng.TestRunner.run(TestRunner.java:602)
at org.testng.SuiteRunner.runTest(SuiteRunner.java:437)
at org.testng.SuiteRunner.runSequentially(SuiteRunner.java:431)
at org.testng.SuiteRunner.privateRun(SuiteRunner.java:391)
at org.testng.SuiteRunner.run(SuiteRunner.java:330)
at org.testng.SuiteRunnerWorker.runSuite(SuiteRunnerWorker.java:52)
at org.testng.SuiteRunnerWorker.run(SuiteRunnerWorker.java:95)
at org.testng.TestNG.runSuitesSequentially(TestNG.java:1256)
at org.testng.TestNG.runSuitesLocally(TestNG.java:1176)
at org.testng.TestNG.runSuites(TestNG.java:1099)
at org.testng.TestNG.run(TestNG.java:1067)
at org.testng.remote.AbstractRemoteTestNG.run(AbstractRemoteTestNG.java:115)
at org.testng.remote.RemoteTestNG.initAndRun(RemoteTestNG.java:251)
at org.testng.remote.RemoteTestNG.main(RemoteTestNG.java:77)
Caused by: org.openqa.selenium.NoSuchElementException: no such element: Unable to locate element: {"method":"css selector","selector":".demo-frame.lazyloaded"}
  (Session info: chrome-headless-shell=124.0.6367.208)
For documentation on this error, please visit: https://www.selenium.dev/documentation/webdriver/troubleshooting/errors#no-such-element-exception
Build info: version: '4.18.1', revision: 'b1d3319b48'
System info: os.name: 'Windows 10', os.arch: 'amd64', os.version: '10.0', java.version: '17.0.10'
Driver info: org.openqa.selenium.chrome.ChromeDriver
Command: [80787a5dd706315434a185c70c3cdad6, findElement {value=.demo-frame.lazyloaded, using=css selector}]
Capabilities {acceptInsecureCerts: false, browserName: chrome-headless-shell, browserVersion: 124.0.6367.208, chrome: {chromedriverVersion: 124.0.6367.207 (a9001a6e39f..., userDataDir: C:\Users\TESTRIG\AppData\Lo...}, fedcm:accounts: true, goog:chromeOptions: {debuggerAddress: localhost:52563}, networkConnectionEnabled: false, pageLoadStrategy: normal, platformName: windows, proxy: Proxy(), se:cdp: ws://localhost:52563/devtoo..., se:cdpVersion: 124.0.6367.208, setWindowRect: true, strictFileInteractability: false, timeouts: {implicit: 0, pageLoad: 300000, script: 30000}, unhandledPromptBehavior: dismiss and notify, webauthn:extension:credBlob: true, webauthn:extension:largeBlob: true, webauthn:extension:minPinLength: true, webauthn:extension:prf: true, webauthn:virtualAuthenticators: true}
Session ID: 80787a5dd706315434a185c70c3cdad6
at java.base/jdk.internal.reflect.NativeConstructorAccessorImpl.newInstance0(Native Method)
at java.base/jdk.internal.reflect.NativeConstructorAccessorImpl.newInstance(NativeConstructorAccessorImpl.java:77)
at java.base/jdk.internal.reflect.DelegatingConstructorAccessorImpl.newInstance(DelegatingConstructorAccessorImpl.java:45)
at java.base/java.lang.reflect.Constructor.newInstanceWithCaller(Constructor.java:499)
at java.base/java.lang.reflect.Constructor.newInstance(Constructor.java:480)
at org.openqa.selenium.remote.ErrorCodec.decode(ErrorCodec.java:167)
at org.openqa.selenium.remote.codec.w3c.W3CHttpResponseCodec.decode(W3CHttpResponseCodec.java:138)
at org.openqa.selenium.remote.codec.w3c.W3CHttpResponseCodec.decode(W3CHttpResponseCodec.java:50)
at org.openqa.selenium.remote.HttpCommandExecutor.execute(HttpCommandExecutor.java:190)
at org.openqa.selenium.remote.service.DriverCommandExecutor.invokeExecute(DriverCommandExecutor.java:216)
at org.openqa.selenium.remote.service.DriverCommandExecutor.execute(DriverCommandExecutor.java:174)
at org.openqa.selenium.remote.RemoteWebDriver.execute(RemoteWebDriver.java:519)
at org.openqa.selenium.remote.ElementLocation$ElementFinder$2.findElement(ElementLocation.java:165)
at org.openqa.selenium.remote.ElementLocation.findElement(ElementLocation.java:59)
at org.openqa.selenium.remote.RemoteWebDriver.findElement(RemoteWebDriver.java:356)
at org.openqa.selenium.remote.RemoteWebDriver.findElement(RemoteWebDriver.java:350)
at org.openqa.selenium.support.pagefactory.DefaultElementLocator.findElement(DefaultElementLocator.java:68)
at org.openqa.selenium.support.pagefactory.internal.LocatingElementHandler.invoke(LocatingElementHandler.java:38)
at jdk.proxy2/jdk.proxy2.$Proxy18.isDisplayed(Unknown Source)
at org.openqa.selenium.support.ui.ExpectedConditions.elementIfVisible(ExpectedConditions.java:304)
at org.openqa.selenium.support.ui.ExpectedConditions$10.apply(ExpectedConditions.java:290)
at org.openqa.selenium.support.ui.ExpectedConditions$10.apply(ExpectedConditions.java:287)
at org.openqa.selenium.support.ui.FluentWait.until(FluentWait.java:203)
... 31 more
]]>
            </full-stacktrace>
          </exception> <!-- org.openqa.selenium.TimeoutException -->
          <reporter-output>
          </reporter-output>
        </test-method> <!-- verifyThatAccordionsAreWorking -->
        <test-method is-config="true" signature="teardown()[pri:0, instance:tests.AccordionTests@4c60d6e9]" started-at="2024-05-16T15:21:28 IST" name="teardown" finished-at="2024-05-16T15:21:28 IST" duration-ms="127" status="PASS">
          <reporter-output>
          </reporter-output>
        </test-method> <!-- teardown -->
        <test-method is-config="true" signature="tearEnd()[pri:0, instance:tests.AccordionTests@4c60d6e9]" started-at="2024-05-16T15:21:28 IST" name="tearEnd" finished-at="2024-05-16T15:21:28 IST" duration-ms="95" status="PASS">
          <reporter-output>
          </reporter-output>
        </test-method> <!-- tearEnd -->
      </class> <!-- tests.AccordionTests -->
    </test> <!-- Accordions -->
    <test started-at="2024-05-16T15:21:28 IST" name="Dropdown" finished-at="2024-05-16T15:21:35 IST" duration-ms="6974">
      <class name="tests.DropDownTest">
        <test-method is-config="true" signature="beforeTest()[pri:0, instance:tests.DropDownTest@7f485fda]" started-at="2024-05-16T15:21:28 IST" name="beforeTest" finished-at="2024-05-16T15:21:28 IST" duration-ms="1" status="PASS">
          <reporter-output>
          </reporter-output>
        </test-method> <!-- beforeTest -->
        <test-method is-config="true" signature="startUp(java.lang.String)[pri:0, instance:tests.DropDownTest@7f485fda]" started-at="2024-05-16T15:21:28 IST" name="startUp" finished-at="2024-05-16T15:21:34 IST" duration-ms="5149" status="PASS">
          <params>
            <param index="0">
              <value>
                <![CDATA[select-dropdown-menu/]]>
              </value>
            </param>
          </params>
          <reporter-output>
          </reporter-output>
        </test-method> <!-- startUp -->
        <test-method signature="testForDropDowselection()[pri:0, instance:tests.DropDownTest@7f485fda]" started-at="2024-05-16T15:21:34 IST" name="testForDropDowselection" description="Test for Validation of DropDown" finished-at="2024-05-16T15:21:35 IST" duration-ms="1621" status="PASS">
          <reporter-output>
          </reporter-output>
        </test-method> <!-- testForDropDowselection -->
        <test-method is-config="true" signature="teardown()[pri:0, instance:tests.DropDownTest@7f485fda]" started-at="2024-05-16T15:21:35 IST" name="teardown" finished-at="2024-05-16T15:21:35 IST" duration-ms="116" status="PASS">
          <reporter-output>
          </reporter-output>
        </test-method> <!-- teardown -->
        <test-method is-config="true" signature="tearEnd()[pri:0, instance:tests.DropDownTest@7f485fda]" started-at="2024-05-16T15:21:35 IST" name="tearEnd" finished-at="2024-05-16T15:21:35 IST" duration-ms="82" status="PASS">
          <reporter-output>
          </reporter-output>
        </test-method> <!-- tearEnd -->
      </class> <!-- tests.DropDownTest -->
    </test> <!-- Dropdown -->
    <test started-at="2024-05-16T15:21:35 IST" name="ProgressBar" finished-at="2024-05-16T15:22:17 IST" duration-ms="41419">
      <class name="tests.ProgressBarTest">
        <test-method is-config="true" signature="beforeTest()[pri:0, instance:tests.ProgressBarTest@5f049ea1]" started-at="2024-05-16T15:21:35 IST" name="beforeTest" finished-at="2024-05-16T15:21:35 IST" duration-ms="1" status="PASS">
          <reporter-output>
          </reporter-output>
        </test-method> <!-- beforeTest -->
        <test-method is-config="true" signature="startUp(java.lang.String)[pri:0, instance:tests.ProgressBarTest@5f049ea1]" started-at="2024-05-16T15:21:35 IST" name="startUp" finished-at="2024-05-16T15:21:40 IST" duration-ms="4648" status="PASS">
          <params>
            <param index="0">
              <value>
                <![CDATA[progress-bar/]]>
              </value>
            </param>
          </params>
          <reporter-output>
          </reporter-output>
        </test-method> <!-- startUp -->
        <test-method signature="testFor100PercentCompletion()[pri:0, instance:tests.ProgressBarTest@5f049ea1]" started-at="2024-05-16T15:21:40 IST" name="testFor100PercentCompletion" description="test to verify ProgressBar completes 100%" finished-at="2024-05-16T15:22:11 IST" duration-ms="30888" status="FAIL">
          <exception class="java.lang.AssertionError">
            <message>
              <![CDATA[Failed to complete progress bar to 100%]]>
            </message>
            <full-stacktrace>
              <![CDATA[java.lang.AssertionError: Failed to complete progress bar to 100%
at org.testng.Assert.fail(Assert.java:110)
at pageEvent.ProgressBar.ProgressBarcompletes100Percent(ProgressBar.java:70)
at tests.ProgressBarTest.testFor100PercentCompletion(ProgressBarTest.java:26)
at java.base/jdk.internal.reflect.NativeMethodAccessorImpl.invoke0(Native Method)
at java.base/jdk.internal.reflect.NativeMethodAccessorImpl.invoke(NativeMethodAccessorImpl.java:77)
at java.base/jdk.internal.reflect.DelegatingMethodAccessorImpl.invoke(DelegatingMethodAccessorImpl.java:43)
at java.base/java.lang.reflect.Method.invoke(Method.java:568)
at org.testng.internal.invokers.MethodInvocationHelper.invokeMethod(MethodInvocationHelper.java:139)
at org.testng.internal.invokers.TestInvoker.invokeMethod(TestInvoker.java:677)
at org.testng.internal.invokers.TestInvoker.invokeTestMethod(TestInvoker.java:221)
at org.testng.internal.invokers.MethodRunner.runInSequence(MethodRunner.java:50)
at org.testng.internal.invokers.TestInvoker$MethodInvocationAgent.invoke(TestInvoker.java:969)
at org.testng.internal.invokers.TestInvoker.invokeTestMethods(TestInvoker.java:194)
at org.testng.internal.invokers.TestMethodWorker.invokeTestMethods(TestMethodWorker.java:148)
at org.testng.internal.invokers.TestMethodWorker.run(TestMethodWorker.java:128)
at java.base/java.util.ArrayList.forEach(ArrayList.java:1511)
at org.testng.TestRunner.privateRun(TestRunner.java:829)
at org.testng.TestRunner.run(TestRunner.java:602)
at org.testng.SuiteRunner.runTest(SuiteRunner.java:437)
at org.testng.SuiteRunner.runSequentially(SuiteRunner.java:431)
at org.testng.SuiteRunner.privateRun(SuiteRunner.java:391)
at org.testng.SuiteRunner.run(SuiteRunner.java:330)
at org.testng.SuiteRunnerWorker.runSuite(SuiteRunnerWorker.java:52)
at org.testng.SuiteRunnerWorker.run(SuiteRunnerWorker.java:95)
at org.testng.TestNG.runSuitesSequentially(TestNG.java:1256)
at org.testng.TestNG.runSuitesLocally(TestNG.java:1176)
at org.testng.TestNG.runSuites(TestNG.java:1099)
at org.testng.TestNG.run(TestNG.java:1067)
at org.testng.remote.AbstractRemoteTestNG.run(AbstractRemoteTestNG.java:115)
at org.testng.remote.RemoteTestNG.initAndRun(RemoteTestNG.java:251)
at org.testng.remote.RemoteTestNG.main(RemoteTestNG.java:77)
]]>
            </full-stacktrace>
          </exception> <!-- java.lang.AssertionError -->
          <reporter-output>
          </reporter-output>
        </test-method> <!-- testFor100PercentCompletion -->
        <test-method is-config="true" signature="teardown()[pri:0, instance:tests.ProgressBarTest@5f049ea1]" started-at="2024-05-16T15:22:11 IST" name="teardown" finished-at="2024-05-16T15:22:11 IST" duration-ms="151" status="PASS">
          <reporter-output>
          </reporter-output>
        </test-method> <!-- teardown -->
        <test-method is-config="true" signature="startUp(java.lang.String)[pri:0, instance:tests.ProgressBarTest@5f049ea1]" started-at="2024-05-16T15:22:11 IST" name="startUp" finished-at="2024-05-16T15:22:16 IST" duration-ms="5032" status="PASS">
          <params>
            <param index="0">
              <value>
                <![CDATA[progress-bar/]]>
              </value>
            </param>
          </params>
          <reporter-output>
          </reporter-output>
        </test-method> <!-- startUp -->
        <test-method signature="testForProgressBarButton()[pri:0, instance:tests.ProgressBarTest@5f049ea1]" started-at="2024-05-16T15:22:16 IST" name="testForProgressBarButton" description="test to verify ProgressBar Start Download Button working" finished-at="2024-05-16T15:22:17 IST" duration-ms="504" status="PASS">
          <reporter-output>
          </reporter-output>
        </test-method> <!-- testForProgressBarButton -->
        <test-method is-config="true" signature="teardown()[pri:0, instance:tests.ProgressBarTest@5f049ea1]" started-at="2024-05-16T15:22:17 IST" name="teardown" finished-at="2024-05-16T15:22:17 IST" duration-ms="108" status="PASS">
          <reporter-output>
          </reporter-output>
        </test-method> <!-- teardown -->
        <test-method is-config="true" signature="tearEnd()[pri:0, instance:tests.ProgressBarTest@5f049ea1]" started-at="2024-05-16T15:22:17 IST" name="tearEnd" finished-at="2024-05-16T15:22:17 IST" duration-ms="73" status="PASS">
          <reporter-output>
          </reporter-output>
        </test-method> <!-- tearEnd -->
      </class> <!-- tests.ProgressBarTest -->
    </test> <!-- ProgressBar -->
    <test started-at="2024-05-16T15:22:17 IST" name="Sliders" finished-at="2024-05-16T15:22:22 IST" duration-ms="5431">
      <class name="tests.SliderTest">
        <test-method is-config="true" signature="beforeTest()[pri:0, instance:tests.SliderTest@5b218417]" started-at="2024-05-16T15:22:17 IST" name="beforeTest" finished-at="2024-05-16T15:22:17 IST" duration-ms="0" status="PASS">
          <reporter-output>
          </reporter-output>
        </test-method> <!-- beforeTest -->
        <test-method is-config="true" signature="startUp(java.lang.String)[pri:0, instance:tests.SliderTest@5b218417]" started-at="2024-05-16T15:22:17 IST" name="startUp" finished-at="2024-05-16T15:22:22 IST" duration-ms="5078" status="PASS">
          <params>
            <param index="0">
              <value>
                <![CDATA[sliders/]]>
              </value>
            </param>
          </params>
          <reporter-output>
          </reporter-output>
        </test-method> <!-- startUp -->
        <test-method signature="VerifyingSlidersAreWorking()[pri:0, instance:tests.SliderTest@5b218417]" started-at="2024-05-16T15:22:22 IST" name="VerifyingSlidersAreWorking" description="Verifying Sliders Are Working" finished-at="2024-05-16T15:22:22 IST" duration-ms="140" status="PASS">
          <reporter-output>
          </reporter-output>
        </test-method> <!-- VerifyingSlidersAreWorking -->
        <test-method is-config="true" signature="teardown()[pri:0, instance:tests.SliderTest@5b218417]" started-at="2024-05-16T15:22:22 IST" name="teardown" finished-at="2024-05-16T15:22:22 IST" duration-ms="129" status="PASS">
          <reporter-output>
          </reporter-output>
        </test-method> <!-- teardown -->
        <test-method is-config="true" signature="tearEnd()[pri:0, instance:tests.SliderTest@5b218417]" started-at="2024-05-16T15:22:22 IST" name="tearEnd" finished-at="2024-05-16T15:22:22 IST" duration-ms="70" status="PASS">
          <reporter-output>
          </reporter-output>
        </test-method> <!-- tearEnd -->
      </class> <!-- tests.SliderTest -->
    </test> <!-- Sliders -->
    <test started-at="2024-05-16T15:22:22 IST" name="Frames_Windows" finished-at="2024-05-16T15:22:29 IST" duration-ms="6795">
      <class name="tests.TabsAndWindowsTest">
        <test-method is-config="true" signature="beforeTest()[pri:0, instance:tests.TabsAndWindowsTest@1a75e76a]" started-at="2024-05-16T15:22:22 IST" name="beforeTest" finished-at="2024-05-16T15:22:22 IST" duration-ms="1" status="PASS">
          <reporter-output>
          </reporter-output>
        </test-method> <!-- beforeTest -->
        <test-method is-config="true" signature="startUp(java.lang.String)[pri:0, instance:tests.TabsAndWindowsTest@1a75e76a]" started-at="2024-05-16T15:22:22 IST" name="startUp" finished-at="2024-05-16T15:22:26 IST" duration-ms="4069" status="PASS">
          <params>
            <param index="0">
              <value>
                <![CDATA[frames-and-windows/]]>
              </value>
            </param>
          </params>
          <reporter-output>
          </reporter-output>
        </test-method> <!-- startUp -->
        <test-method signature="testToSwitchToOtherTab()[pri:0, instance:tests.TabsAndWindowsTest@1a75e76a]" started-at="2024-05-16T15:22:26 IST" name="testToSwitchToOtherTab" description="Test To Verify That After Clicking Button It Changes the Tab" finished-at="2024-05-16T15:22:29 IST" duration-ms="2478" status="PASS">
          <reporter-output>
          </reporter-output>
        </test-method> <!-- testToSwitchToOtherTab -->
        <test-method is-config="true" signature="teardown()[pri:0, instance:tests.TabsAndWindowsTest@1a75e76a]" started-at="2024-05-16T15:22:29 IST" name="teardown" finished-at="2024-05-16T15:22:29 IST" duration-ms="141" status="PASS">
          <reporter-output>
          </reporter-output>
        </test-method> <!-- teardown -->
        <test-method is-config="true" signature="tearEnd()[pri:0, instance:tests.TabsAndWindowsTest@1a75e76a]" started-at="2024-05-16T15:22:29 IST" name="tearEnd" finished-at="2024-05-16T15:22:29 IST" duration-ms="100" status="PASS">
          <reporter-output>
          </reporter-output>
        </test-method> <!-- tearEnd -->
      </class> <!-- tests.TabsAndWindowsTest -->
    </test> <!-- Frames_Windows -->
    <test started-at="2024-05-16T15:22:29 IST" name="Tooltip" finished-at="2024-05-16T15:22:35 IST" duration-ms="6018">
      <class name="tests.ToolTipTest">
        <test-method is-config="true" signature="beforeTest()[pri:0, instance:tests.ToolTipTest@2767e23c]" started-at="2024-05-16T15:22:29 IST" name="beforeTest" finished-at="2024-05-16T15:22:29 IST" duration-ms="1" status="PASS">
          <reporter-output>
          </reporter-output>
        </test-method> <!-- beforeTest -->
        <test-method is-config="true" signature="startUp(java.lang.String)[pri:0, instance:tests.ToolTipTest@2767e23c]" started-at="2024-05-16T15:22:29 IST" name="startUp" finished-at="2024-05-16T15:22:34 IST" duration-ms="5279" status="PASS">
          <params>
            <param index="0">
              <value>
                <![CDATA[tooltip/]]>
              </value>
            </param>
          </params>
          <reporter-output>
          </reporter-output>
        </test-method> <!-- startUp -->
        <test-method signature="testToVerifyTooltipFunctionality()[pri:0, instance:tests.ToolTipTest@2767e23c]" started-at="2024-05-16T15:22:34 IST" name="testToVerifyTooltipFunctionality" description="test to verify whether the tooltip works fine" finished-at="2024-05-16T15:22:35 IST" duration-ms="566" status="PASS">
          <reporter-output>
          </reporter-output>
        </test-method> <!-- testToVerifyTooltipFunctionality -->
        <test-method is-config="true" signature="teardown()[pri:0, instance:tests.ToolTipTest@2767e23c]" started-at="2024-05-16T15:22:35 IST" name="teardown" finished-at="2024-05-16T15:22:35 IST" duration-ms="108" status="PASS">
          <reporter-output>
          </reporter-output>
        </test-method> <!-- teardown -->
        <test-method is-config="true" signature="tearEnd()[pri:0, instance:tests.ToolTipTest@2767e23c]" started-at="2024-05-16T15:22:35 IST" name="tearEnd" finished-at="2024-05-16T15:22:35 IST" duration-ms="58" status="PASS">
          <reporter-output>
          </reporter-output>
        </test-method> <!-- tearEnd -->
      </class> <!-- tests.ToolTipTest -->
    </test> <!-- Tooltip -->
    <test started-at="2024-05-16T15:22:35 IST" name="MultipleElements" finished-at="2024-05-16T15:22:40 IST" duration-ms="5162">
      <class name="tests.SelectElementsTest">
        <test-method is-config="true" signature="beforeTest()[pri:0, instance:tests.SelectElementsTest@7ce69770]" started-at="2024-05-16T15:22:35 IST" name="beforeTest" finished-at="2024-05-16T15:22:35 IST" duration-ms="1" status="PASS">
          <reporter-output>
          </reporter-output>
        </test-method> <!-- beforeTest -->
        <test-method is-config="true" signature="startUp(java.lang.String)[pri:0, instance:tests.SelectElementsTest@7ce69770]" started-at="2024-05-16T15:22:35 IST" name="startUp" finished-at="2024-05-16T15:22:40 IST" duration-ms="4541" status="PASS">
          <params>
            <param index="0">
              <value>
                <![CDATA[select-elements/]]>
              </value>
            </param>
          </params>
          <reporter-output>
          </reporter-output>
        </test-method> <!-- startUp -->
        <test-method signature="toVerifyMultipleSelect()[pri:0, instance:tests.SelectElementsTest@7ce69770]" started-at="2024-05-16T15:22:40 IST" name="toVerifyMultipleSelect" description=" To Verify that it can select Multiple Element " finished-at="2024-05-16T15:22:40 IST" duration-ms="449" status="FAIL">
          <exception class="org.openqa.selenium.interactions.MoveTargetOutOfBoundsException">
            <message>
              <![CDATA[move target out of bounds
  (Session info: chrome-headless-shell=124.0.6367.208)
Build info: version: '4.18.1', revision: 'b1d3319b48'
System info: os.name: 'Windows 10', os.arch: 'amd64', os.version: '10.0', java.version: '17.0.10'
Driver info: org.openqa.selenium.chrome.ChromeDriver
Command: [f53be937153f7664a4413895ceb4ea86, actions {actions=[org.openqa.selenium.interactions.Sequence@7e8279e5, org.openqa.selenium.interactions.Sequence@2b53840a]}]
Capabilities {acceptInsecureCerts: false, browserName: chrome-headless-shell, browserVersion: 124.0.6367.208, chrome: {chromedriverVersion: 124.0.6367.207 (a9001a6e39f..., userDataDir: C:\Users\TESTRIG\AppData\Lo...}, fedcm:accounts: true, goog:chromeOptions: {debuggerAddress: localhost:52934}, networkConnectionEnabled: false, pageLoadStrategy: normal, platformName: windows, proxy: Proxy(), se:cdp: ws://localhost:52934/devtoo..., se:cdpVersion: 124.0.6367.208, setWindowRect: true, strictFileInteractability: false, timeouts: {implicit: 0, pageLoad: 300000, script: 30000}, unhandledPromptBehavior: dismiss and notify, webauthn:extension:credBlob: true, webauthn:extension:largeBlob: true, webauthn:extension:minPinLength: true, webauthn:extension:prf: true, webauthn:virtualAuthenticators: true}
Session ID: f53be937153f7664a4413895ceb4ea86]]>
            </message>
            <full-stacktrace>
              <![CDATA[org.openqa.selenium.interactions.MoveTargetOutOfBoundsException: move target out of bounds
  (Session info: chrome-headless-shell=124.0.6367.208)
Build info: version: '4.18.1', revision: 'b1d3319b48'
System info: os.name: 'Windows 10', os.arch: 'amd64', os.version: '10.0', java.version: '17.0.10'
Driver info: org.openqa.selenium.chrome.ChromeDriver
Command: [f53be937153f7664a4413895ceb4ea86, actions {actions=[org.openqa.selenium.interactions.Sequence@7e8279e5, org.openqa.selenium.interactions.Sequence@2b53840a]}]
Capabilities {acceptInsecureCerts: false, browserName: chrome-headless-shell, browserVersion: 124.0.6367.208, chrome: {chromedriverVersion: 124.0.6367.207 (a9001a6e39f..., userDataDir: C:\Users\TESTRIG\AppData\Lo...}, fedcm:accounts: true, goog:chromeOptions: {debuggerAddress: localhost:52934}, networkConnectionEnabled: false, pageLoadStrategy: normal, platformName: windows, proxy: Proxy(), se:cdp: ws://localhost:52934/devtoo..., se:cdpVersion: 124.0.6367.208, setWindowRect: true, strictFileInteractability: false, timeouts: {implicit: 0, pageLoad: 300000, script: 30000}, unhandledPromptBehavior: dismiss and notify, webauthn:extension:credBlob: true, webauthn:extension:largeBlob: true, webauthn:extension:minPinLength: true, webauthn:extension:prf: true, webauthn:virtualAuthenticators: true}
Session ID: f53be937153f7664a4413895ceb4ea86
at java.base/jdk.internal.reflect.NativeConstructorAccessorImpl.newInstance0(Native Method)
at java.base/jdk.internal.reflect.NativeConstructorAccessorImpl.newInstance(NativeConstructorAccessorImpl.java:77)
at java.base/jdk.internal.reflect.DelegatingConstructorAccessorImpl.newInstance(DelegatingConstructorAccessorImpl.java:45)
at java.base/java.lang.reflect.Constructor.newInstanceWithCaller(Constructor.java:499)
at java.base/java.lang.reflect.Constructor.newInstance(Constructor.java:480)
at org.openqa.selenium.remote.ErrorCodec.decode(ErrorCodec.java:167)
at org.openqa.selenium.remote.codec.w3c.W3CHttpResponseCodec.decode(W3CHttpResponseCodec.java:138)
at org.openqa.selenium.remote.codec.w3c.W3CHttpResponseCodec.decode(W3CHttpResponseCodec.java:50)
at org.openqa.selenium.remote.HttpCommandExecutor.execute(HttpCommandExecutor.java:190)
at org.openqa.selenium.remote.service.DriverCommandExecutor.invokeExecute(DriverCommandExecutor.java:216)
at org.openqa.selenium.remote.service.DriverCommandExecutor.execute(DriverCommandExecutor.java:174)
at org.openqa.selenium.remote.RemoteWebDriver.execute(RemoteWebDriver.java:519)
at org.openqa.selenium.remote.RemoteWebDriver.perform(RemoteWebDriver.java:605)
at org.openqa.selenium.interactions.Actions$BuiltAction.perform(Actions.java:603)
at org.openqa.selenium.interactions.Actions.perform(Actions.java:568)
at pageEvent.SelectElements.toSelectMutiEelement(SelectElements.java:57)
at tests.SelectElementsTest.toVerifyMultipleSelect(SelectElementsTest.java:16)
at java.base/jdk.internal.reflect.NativeMethodAccessorImpl.invoke0(Native Method)
at java.base/jdk.internal.reflect.NativeMethodAccessorImpl.invoke(NativeMethodAccessorImpl.java:77)
at java.base/jdk.internal.reflect.DelegatingMethodAccessorImpl.invoke(DelegatingMethodAccessorImpl.java:43)
at java.base/java.lang.reflect.Method.invoke(Method.java:568)
at org.testng.internal.invokers.MethodInvocationHelper.invokeMethod(MethodInvocationHelper.java:139)
at org.testng.internal.invokers.TestInvoker.invokeMethod(TestInvoker.java:677)
at org.testng.internal.invokers.TestInvoker.invokeTestMethod(TestInvoker.java:221)
at org.testng.internal.invokers.MethodRunner.runInSequence(MethodRunner.java:50)
at org.testng.internal.invokers.TestInvoker$MethodInvocationAgent.invoke(TestInvoker.java:969)
at org.testng.internal.invokers.TestInvoker.invokeTestMethods(TestInvoker.java:194)
at org.testng.internal.invokers.TestMethodWorker.invokeTestMethods(TestMethodWorker.java:148)
at org.testng.internal.invokers.TestMethodWorker.run(TestMethodWorker.java:128)
at java.base/java.util.ArrayList.forEach(ArrayList.java:1511)
at org.testng.TestRunner.privateRun(TestRunner.java:829)
at org.testng.TestRunner.run(TestRunner.java:602)
at org.testng.SuiteRunner.runTest(SuiteRunner.java:437)
at org.testng.SuiteRunner.runSequentially(SuiteRunner.java:431)
at org.testng.SuiteRunner.privateRun(SuiteRunner.java:391)
at org.testng.SuiteRunner.run(SuiteRunner.java:330)
at org.testng.SuiteRunnerWorker.runSuite(SuiteRunnerWorker.java:52)
at org.testng.SuiteRunnerWorker.run(SuiteRunnerWorker.java:95)
at org.testng.TestNG.runSuitesSequentially(TestNG.java:1256)
at org.testng.TestNG.runSuitesLocally(TestNG.java:1176)
at org.testng.TestNG.runSuites(TestNG.java:1099)
at org.testng.TestNG.run(TestNG.java:1067)
at org.testng.remote.AbstractRemoteTestNG.run(AbstractRemoteTestNG.java:115)
at org.testng.remote.RemoteTestNG.initAndRun(RemoteTestNG.java:251)
at org.testng.remote.RemoteTestNG.main(RemoteTestNG.java:77)
]]>
            </full-stacktrace>
          </exception> <!-- org.openqa.selenium.interactions.MoveTargetOutOfBoundsException -->
          <reporter-output>
          </reporter-output>
        </test-method> <!-- toVerifyMultipleSelect -->
        <test-method is-config="true" signature="teardown()[pri:0, instance:tests.SelectElementsTest@7ce69770]" started-at="2024-05-16T15:22:40 IST" name="teardown" finished-at="2024-05-16T15:22:40 IST" duration-ms="104" status="PASS">
          <reporter-output>
          </reporter-output>
        </test-method> <!-- teardown -->
        <test-method is-config="true" signature="tearEnd()[pri:0, instance:tests.SelectElementsTest@7ce69770]" started-at="2024-05-16T15:22:40 IST" name="tearEnd" finished-at="2024-05-16T15:22:40 IST" duration-ms="63" status="PASS">
          <reporter-output>
          </reporter-output>
        </test-method> <!-- tearEnd -->
      </class> <!-- tests.SelectElementsTest -->
    </test> <!-- MultipleElements -->
    <test started-at="2024-05-16T15:22:40 IST" name="Spinner" finished-at="2024-05-16T15:22:47 IST" duration-ms="7051">
      <class name="tests.SpinnerTest">
        <test-method is-config="true" signature="beforeTest()[pri:0, instance:tests.SpinnerTest@5890e879]" started-at="2024-05-16T15:22:40 IST" name="beforeTest" finished-at="2024-05-16T15:22:40 IST" duration-ms="1" status="PASS">
          <reporter-output>
          </reporter-output>
        </test-method> <!-- beforeTest -->
        <test-method is-config="true" signature="startUp(java.lang.String)[pri:0, instance:tests.SpinnerTest@5890e879]" started-at="2024-05-16T15:22:40 IST" name="startUp" finished-at="2024-05-16T15:22:45 IST" duration-ms="5136" status="PASS">
          <params>
            <param index="0">
              <value>
                <![CDATA[spinner/]]>
              </value>
            </param>
          </params>
          <reporter-output>
          </reporter-output>
        </test-method> <!-- startUp -->
        <test-method signature="ToVerifySpinner()[pri:0, instance:tests.SpinnerTest@5890e879]" started-at="2024-05-16T15:22:45 IST" name="ToVerifySpinner" description="To verify wether Spinner works as expected" finished-at="2024-05-16T15:22:47 IST" duration-ms="1863" status="PASS">
          <reporter-output>
          </reporter-output>
        </test-method> <!-- ToVerifySpinner -->
        <test-method is-config="true" signature="teardown()[pri:0, instance:tests.SpinnerTest@5890e879]" started-at="2024-05-16T15:22:47 IST" name="teardown" finished-at="2024-05-16T15:22:47 IST" duration-ms="1" status="PASS">
          <reporter-output>
          </reporter-output>
        </test-method> <!-- teardown -->
        <test-method is-config="true" signature="tearEnd()[pri:0, instance:tests.SpinnerTest@5890e879]" started-at="2024-05-16T15:22:47 IST" name="tearEnd" finished-at="2024-05-16T15:22:47 IST" duration-ms="48" status="PASS">
          <reporter-output>
          </reporter-output>
        </test-method> <!-- tearEnd -->
      </class> <!-- tests.SpinnerTest -->
    </test> <!-- Spinner -->
    <test started-at="2024-05-16T15:22:47 IST" name="Sorting" finished-at="2024-05-16T15:22:53 IST" duration-ms="5457">
      <class name="tests.SortableTest">
        <test-method is-config="true" signature="beforeTest()[pri:0, instance:tests.SortableTest@221a3fa4]" started-at="2024-05-16T15:22:47 IST" name="beforeTest" finished-at="2024-05-16T15:22:47 IST" duration-ms="1" status="PASS">
          <reporter-output>
          </reporter-output>
        </test-method> <!-- beforeTest -->
        <test-method is-config="true" signature="startUp(java.lang.String)[pri:0, instance:tests.SortableTest@221a3fa4]" started-at="2024-05-16T15:22:47 IST" name="startUp" finished-at="2024-05-16T15:22:51 IST" duration-ms="3922" status="PASS">
          <params>
            <param index="0">
              <value>
                <![CDATA[sorting/]]>
              </value>
            </param>
          </params>
          <reporter-output>
          </reporter-output>
        </test-method> <!-- startUp -->
        <test-method signature="ToTestShoppingAndFeedsPositions()[pri:0, instance:tests.SortableTest@221a3fa4]" started-at="2024-05-16T15:22:51 IST" name="ToTestShoppingAndFeedsPositions" description="To verfiy if interchange of feed&#039;s And Shopping&#039;s position is possible " finished-at="2024-05-16T15:22:53 IST" duration-ms="1376" status="PASS">
          <reporter-output>
          </reporter-output>
        </test-method> <!-- ToTestShoppingAndFeedsPositions -->
        <test-method is-config="true" signature="teardown()[pri:0, instance:tests.SortableTest@221a3fa4]" started-at="2024-05-16T15:22:53 IST" name="teardown" finished-at="2024-05-16T15:22:53 IST" duration-ms="103" status="PASS">
          <reporter-output>
          </reporter-output>
        </test-method> <!-- teardown -->
        <test-method is-config="true" signature="tearEnd()[pri:0, instance:tests.SortableTest@221a3fa4]" started-at="2024-05-16T15:22:53 IST" name="tearEnd" finished-at="2024-05-16T15:22:53 IST" duration-ms="50" status="PASS">
          <reporter-output>
          </reporter-output>
        </test-method> <!-- tearEnd -->
      </class> <!-- tests.SortableTest -->
    </test> <!-- Sorting -->
  </suite> <!-- Suite -->
</testng-results>
